{"C:\\Users\\Randolf S. Alngag Jr\\Downloads\\websys22_final-main\\backend\\src\\passport.ts": {"path":"C:\\Users\\Randolf S. Alngag Jr\\Downloads\\websys22_final-main\\backend\\src\\passport.ts","statementMap":{"0":{"start":{"line":1,"column":0},"end":{"line":1,"column":32}},"1":{"start":{"line":2,"column":0},"end":{"line":2,"column":59}},"2":{"start":{"line":3,"column":0},"end":{"line":3,"column":28}},"3":{"start":{"line":4,"column":0},"end":{"line":4,"column":37}},"4":{"start":{"line":5,"column":0},"end":{"line":5,"column":39}},"5":{"start":{"line":6,"column":0},"end":{"line":6,"column":49}},"6":{"start":{"line":8,"column":25},"end":{"line":8,"column":40}},"7":{"start":{"line":11,"column":0},"end":{"line":33,"column":4}},"8":{"start":{"line":14,"column":35},"end":{"line":33,"column":2}},"9":{"start":{"line":15,"column":2},"end":{"line":32,"column":3}},"10":{"start":{"line":16,"column":25},"end":{"line":16,"column":51}},"11":{"start":{"line":17,"column":4},"end":{"line":17,"column":58}},"12":{"start":{"line":18,"column":17},"end":{"line":18,"column":154}},"13":{"start":{"line":19,"column":4},"end":{"line":19,"column":59}},"14":{"start":{"line":20,"column":4},"end":{"line":22,"column":5}},"15":{"start":{"line":21,"column":6},"end":{"line":21,"column":62}},"16":{"start":{"line":23,"column":26},"end":{"line":23,"column":71}},"17":{"start":{"line":24,"column":4},"end":{"line":24,"column":50}},"18":{"start":{"line":25,"column":4},"end":{"line":27,"column":5}},"19":{"start":{"line":26,"column":6},"end":{"line":26,"column":64}},"20":{"start":{"line":28,"column":4},"end":{"line":28,"column":28}},"21":{"start":{"line":30,"column":4},"end":{"line":30,"column":41}},"22":{"start":{"line":31,"column":4},"end":{"line":31,"column":23}},"23":{"start":{"line":36,"column":0},"end":{"line":60,"column":4}},"24":{"start":{"line":39,"column":34},"end":{"line":60,"column":2}},"25":{"start":{"line":40,"column":2},"end":{"line":59,"column":3}},"26":{"start":{"line":41,"column":24},"end":{"line":41,"column":49}},"27":{"start":{"line":42,"column":4},"end":{"line":42,"column":59}},"28":{"start":{"line":43,"column":15},"end":{"line":45,"column":15}},"29":{"start":{"line":46,"column":4},"end":{"line":46,"column":52}},"30":{"start":{"line":47,"column":4},"end":{"line":49,"column":5}},"31":{"start":{"line":48,"column":6},"end":{"line":48,"column":68}},"32":{"start":{"line":52,"column":4},"end":{"line":54,"column":5}},"33":{"start":{"line":53,"column":6},"end":{"line":53,"column":64}},"34":{"start":{"line":55,"column":4},"end":{"line":55,"column":26}},"35":{"start":{"line":57,"column":4},"end":{"line":57,"column":44}},"36":{"start":{"line":58,"column":4},"end":{"line":58,"column":23}},"37":{"start":{"line":62,"column":0},"end":{"line":66,"column":3}},"38":{"start":{"line":64,"column":15},"end":{"line":64,"column":41}},"39":{"start":{"line":65,"column":2},"end":{"line":65,"column":36}},"40":{"start":{"line":68,"column":0},"end":{"line":82,"column":3}},"41":{"start":{"line":68,"column":59},"end":{"line":82,"column":2}},"42":{"start":{"line":69,"column":2},"end":{"line":81,"column":3}},"43":{"start":{"line":70,"column":4},"end":{"line":78,"column":5}},"44":{"start":{"line":71,"column":19},"end":{"line":71,"column":88}},"45":{"start":{"line":72,"column":6},"end":{"line":72,"column":23}},"46":{"start":{"line":73,"column":11},"end":{"line":78,"column":5}},"47":{"start":{"line":74,"column":17},"end":{"line":74,"column":91}},"48":{"start":{"line":75,"column":6},"end":{"line":75,"column":21}},"49":{"start":{"line":77,"column":6},"end":{"line":77,"column":23}},"50":{"start":{"line":80,"column":4},"end":{"line":80,"column":16}},"51":{"start":{"line":84,"column":0},"end":{"line":84,"column":32}}},"fnMap":{"0":{"name":"(anonymous_8)","decl":{"start":{"line":14,"column":3},"end":{"line":14,"column":10}},"loc":{"start":{"line":14,"column":35},"end":{"line":33,"column":2}}},"1":{"name":"(anonymous_9)","decl":{"start":{"line":14,"column":35},"end":{"line":14,"column":null}},"loc":{"start":{"line":14,"column":35},"end":{"line":33,"column":1}}},"2":{"name":"(anonymous_10)","decl":{"start":{"line":39,"column":3},"end":{"line":39,"column":10}},"loc":{"start":{"line":39,"column":34},"end":{"line":60,"column":2}}},"3":{"name":"(anonymous_11)","decl":{"start":{"line":39,"column":34},"end":{"line":39,"column":null}},"loc":{"start":{"line":39,"column":34},"end":{"line":60,"column":1}}},"4":{"name":"(anonymous_12)","decl":{"start":{"line":62,"column":31},"end":{"line":62,"column":32}},"loc":{"start":{"line":62,"column":51},"end":{"line":66,"column":1}}},"5":{"name":"(anonymous_13)","decl":{"start":{"line":68,"column":33},"end":{"line":68,"column":40}},"loc":{"start":{"line":68,"column":59},"end":{"line":82,"column":2}}},"6":{"name":"(anonymous_14)","decl":{"start":{"line":68,"column":59},"end":{"line":68,"column":null}},"loc":{"start":{"line":68,"column":59},"end":{"line":82,"column":1}}}},"branchMap":{"0":{"loc":{"start":{"line":19,"column":31},"end":{"line":19,"column":57}},"type":"cond-expr","locations":[{"start":{"line":19,"column":38},"end":{"line":19,"column":48}},{"start":{"line":19,"column":51},"end":{"line":19,"column":57}}]},"1":{"loc":{"start":{"line":20,"column":4},"end":{"line":22,"column":5}},"type":"if","locations":[{"start":{"line":20,"column":4},"end":{"line":22,"column":5}}]},"2":{"loc":{"start":{"line":25,"column":4},"end":{"line":27,"column":5}},"type":"if","locations":[{"start":{"line":25,"column":4},"end":{"line":27,"column":5}}]},"3":{"loc":{"start":{"line":46,"column":29},"end":{"line":46,"column":50}},"type":"cond-expr","locations":[{"start":{"line":46,"column":34},"end":{"line":46,"column":41}},{"start":{"line":46,"column":44},"end":{"line":46,"column":50}}]},"4":{"loc":{"start":{"line":47,"column":4},"end":{"line":49,"column":5}},"type":"if","locations":[{"start":{"line":47,"column":4},"end":{"line":49,"column":5}}]},"5":{"loc":{"start":{"line":52,"column":4},"end":{"line":54,"column":5}},"type":"if","locations":[{"start":{"line":52,"column":4},"end":{"line":54,"column":5}}]},"6":{"loc":{"start":{"line":64,"column":15},"end":{"line":64,"column":41}},"type":"cond-expr","locations":[{"start":{"line":64,"column":28},"end":{"line":64,"column":34}},{"start":{"line":64,"column":37},"end":{"line":64,"column":41}}]},"7":{"loc":{"start":{"line":70,"column":4},"end":{"line":78,"column":5}},"type":"if","locations":[{"start":{"line":70,"column":4},"end":{"line":78,"column":5}},{"start":{"line":73,"column":11},"end":{"line":78,"column":5}}]},"8":{"loc":{"start":{"line":73,"column":11},"end":{"line":78,"column":5}},"type":"if","locations":[{"start":{"line":73,"column":11},"end":{"line":78,"column":5}},{"start":{"line":76,"column":11},"end":{"line":78,"column":5}}]}},"s":{"0":0,"1":0,"2":0,"3":0,"4":0,"5":0,"6":0,"7":0,"8":0,"9":0,"10":0,"11":0,"12":0,"13":0,"14":0,"15":0,"16":0,"17":0,"18":0,"19":0,"20":0,"21":0,"22":0,"23":0,"24":0,"25":0,"26":0,"27":0,"28":0,"29":0,"30":0,"31":0,"32":0,"33":0,"34":0,"35":0,"36":0,"37":0,"38":0,"39":0,"40":0,"41":0,"42":0,"43":0,"44":0,"45":0,"46":0,"47":0,"48":0,"49":0,"50":0,"51":0},"f":{"0":0,"1":0,"2":0,"3":0,"4":0,"5":0,"6":0},"b":{"0":[0,0],"1":[0],"2":[0],"3":[0,0],"4":[0],"5":[0],"6":[0,0],"7":[0,0],"8":[0,0]}}
,"C:\\Users\\Randolf S. Alngag Jr\\Downloads\\websys22_final-main\\backend\\src\\seed.ts": {"path":"C:\\Users\\Randolf S. Alngag Jr\\Downloads\\websys22_final-main\\backend\\src\\seed.ts","statementMap":{"0":{"start":{"line":2,"column":0},"end":{"line":2,"column":37}},"1":{"start":{"line":3,"column":0},"end":{"line":3,"column":49}},"2":{"start":{"line":4,"column":0},"end":{"line":4,"column":39}},"3":{"start":{"line":8,"column":0},"end":{"line":8,"column":40}},"4":{"start":{"line":9,"column":0},"end":{"line":9,"column":28}},"5":{"start":{"line":12,"column":2},"end":{"line":12,"column":35}},"6":{"start":{"line":15,"column":24},"end":{"line":15,"column":106}},"7":{"start":{"line":16,"column":2},"end":{"line":26,"column":3}},"8":{"start":{"line":17,"column":27},"end":{"line":17,"column":60}},"9":{"start":{"line":18,"column":18},"end":{"line":18,"column":28}},"10":{"start":{"line":19,"column":4},"end":{"line":19,"column":25}},"11":{"start":{"line":20,"column":4},"end":{"line":20,"column":36}},"12":{"start":{"line":21,"column":4},"end":{"line":21,"column":36}},"13":{"start":{"line":22,"column":4},"end":{"line":22,"column":44}},"14":{"start":{"line":23,"column":4},"end":{"line":23,"column":55}},"15":{"start":{"line":25,"column":4},"end":{"line":25,"column":62}},"16":{"start":{"line":29,"column":34},"end":{"line":29,"column":36}},"17":{"start":{"line":30,"column":2},"end":{"line":41,"column":3}},"18":{"start":{"line":30,"column":15},"end":{"line":30,"column":16}},"19":{"start":{"line":31,"column":22},"end":{"line":31,"column":37}},"20":{"start":{"line":32,"column":4},"end":{"line":32,"column":46}},"21":{"start":{"line":33,"column":4},"end":{"line":33,"column":182}},"22":{"start":{"line":34,"column":4},"end":{"line":34,"column":51}},"23":{"start":{"line":35,"column":4},"end":{"line":35,"column":202}},"24":{"start":{"line":36,"column":4},"end":{"line":36,"column":76}},"25":{"start":{"line":37,"column":4},"end":{"line":37,"column":226}},"26":{"start":{"line":38,"column":4},"end":{"line":38,"column":26}},"27":{"start":{"line":39,"column":4},"end":{"line":39,"column":48}},"28":{"start":{"line":40,"column":4},"end":{"line":40,"column":31}},"29":{"start":{"line":44,"column":20},"end":{"line":44,"column":52}},"30":{"start":{"line":45,"column":21},"end":{"line":45,"column":54}},"31":{"start":{"line":46,"column":22},"end":{"line":46,"column":56}},"32":{"start":{"line":49,"column":27},"end":{"line":49,"column":29}},"33":{"start":{"line":50,"column":2},"end":{"line":56,"column":3}},"34":{"start":{"line":50,"column":15},"end":{"line":50,"column":16}},"35":{"start":{"line":51,"column":18},"end":{"line":51,"column":29}},"36":{"start":{"line":52,"column":4},"end":{"line":52,"column":30}},"37":{"start":{"line":53,"column":4},"end":{"line":53,"column":34}},"38":{"start":{"line":54,"column":4},"end":{"line":54,"column":44}},"39":{"start":{"line":55,"column":4},"end":{"line":55,"column":24}},"40":{"start":{"line":59,"column":2},"end":{"line":105,"column":3}},"41":{"start":{"line":60,"column":19},"end":{"line":60,"column":31}},"42":{"start":{"line":61,"column":4},"end":{"line":61,"column":25}},"43":{"start":{"line":62,"column":4},"end":{"line":62,"column":45}},"44":{"start":{"line":65,"column":24},"end":{"line":65,"column":61}},"45":{"start":{"line":66,"column":23},"end":{"line":97,"column":6}},"46":{"start":{"line":98,"column":4},"end":{"line":104,"column":5}},"47":{"start":{"line":98,"column":17},"end":{"line":98,"column":18}},"48":{"start":{"line":99,"column":22},"end":{"line":99,"column":35}},"49":{"start":{"line":100,"column":6},"end":{"line":100,"column":30}},"50":{"start":{"line":101,"column":6},"end":{"line":101,"column":62}},"51":{"start":{"line":102,"column":6},"end":{"line":102,"column":63}},"52":{"start":{"line":103,"column":6},"end":{"line":103,"column":48}},"53":{"start":{"line":108,"column":26},"end":{"line":110,"column":4}},"54":{"start":{"line":112,"column":21},"end":{"line":143,"column":4}},"55":{"start":{"line":145,"column":2},"end":{"line":160,"column":3}},"56":{"start":{"line":146,"column":4},"end":{"line":159,"column":5}},"57":{"start":{"line":147,"column":21},"end":{"line":147,"column":37}},"58":{"start":{"line":148,"column":35},"end":{"line":148,"column":63}},"59":{"start":{"line":151,"column":33},"end":{"line":151,"column":70}},"60":{"start":{"line":152,"column":6},"end":{"line":158,"column":7}},"61":{"start":{"line":152,"column":19},"end":{"line":152,"column":20}},"62":{"start":{"line":153,"column":24},"end":{"line":153,"column":37}},"63":{"start":{"line":154,"column":8},"end":{"line":154,"column":32}},"64":{"start":{"line":155,"column":8},"end":{"line":155,"column":89}},"65":{"start":{"line":156,"column":8},"end":{"line":156,"column":100}},"66":{"start":{"line":157,"column":8},"end":{"line":157,"column":50}},"67":{"start":{"line":162,"column":2},"end":{"line":162,"column":49}},"68":{"start":{"line":163,"column":2},"end":{"line":163,"column":32}},"69":{"start":{"line":166,"column":0},"end":{"line":166,"column":28}}},"fnMap":{"0":{"name":"seed","decl":{"start":{"line":11,"column":15},"end":{"line":11,"column":19}},"loc":{"start":{"line":11,"column":19},"end":{"line":164,"column":null}}},"1":{"name":"(anonymous_19)","decl":{"start":{"line":44,"column":20},"end":{"line":44,"column":33}},"loc":{"start":{"line":44,"column":20},"end":{"line":44,"column":52}}},"2":{"name":"(anonymous_20)","decl":{"start":{"line":45,"column":21},"end":{"line":45,"column":34}},"loc":{"start":{"line":45,"column":21},"end":{"line":45,"column":54}}},"3":{"name":"(anonymous_21)","decl":{"start":{"line":46,"column":22},"end":{"line":46,"column":35}},"loc":{"start":{"line":46,"column":22},"end":{"line":46,"column":56}}}},"branchMap":{"0":{"loc":{"start":{"line":16,"column":2},"end":{"line":26,"column":3}},"type":"if","locations":[{"start":{"line":16,"column":2},"end":{"line":26,"column":3}},{"start":{"line":24,"column":9},"end":{"line":26,"column":3}}]},"1":{"loc":{"start":{"line":101,"column":26},"end":{"line":101,"column":61}},"type":"cond-expr","locations":[{"start":{"line":101,"column":40},"end":{"line":101,"column":49}},{"start":{"line":101,"column":52},"end":{"line":101,"column":61}}]},"2":{"loc":{"start":{"line":146,"column":4},"end":{"line":159,"column":5}},"type":"if","locations":[{"start":{"line":146,"column":4},"end":{"line":159,"column":5}}]},"3":{"loc":{"start":{"line":146,"column":8},"end":{"line":146,"column":49}},"type":"binary-expr","locations":[{"start":{"line":146,"column":8},"end":{"line":146,"column":21}},{"start":{"line":146,"column":25},"end":{"line":146,"column":49}}]},"4":{"loc":{"start":{"line":148,"column":35},"end":{"line":148,"column":63}},"type":"binary-expr","locations":[{"start":{"line":148,"column":35},"end":{"line":148,"column":58}},{"start":{"line":148,"column":62},"end":{"line":148,"column":63}}]},"5":{"loc":{"start":{"line":148,"column":35},"end":{"line":148,"column":58}},"type":"cond-expr","locations":[{"start":{"line":148,"column":50},"end":{"line":148,"column":52}},{"start":{"line":148,"column":50},"end":{"line":148,"column":58}}]},"6":{"loc":{"start":{"line":148,"column":35},"end":{"line":148,"column":52}},"type":"binary-expr","locations":[{"start":{"line":148,"column":35},"end":{"line":148,"column":52}},{"start":{"line":148,"column":50},"end":{"line":148,"column":52}}]},"7":{"loc":{"start":{"line":155,"column":28},"end":{"line":155,"column":88}},"type":"cond-expr","locations":[{"start":{"line":155,"column":67},"end":{"line":155,"column":76}},{"start":{"line":155,"column":79},"end":{"line":155,"column":88}}]}},"s":{"0":0,"1":0,"2":0,"3":0,"4":0,"5":0,"6":0,"7":0,"8":0,"9":0,"10":0,"11":0,"12":0,"13":0,"14":0,"15":0,"16":0,"17":0,"18":0,"19":0,"20":0,"21":0,"22":0,"23":0,"24":0,"25":0,"26":0,"27":0,"28":0,"29":0,"30":0,"31":0,"32":0,"33":0,"34":0,"35":0,"36":0,"37":0,"38":0,"39":0,"40":0,"41":0,"42":0,"43":0,"44":0,"45":0,"46":0,"47":0,"48":0,"49":0,"50":0,"51":0,"52":0,"53":0,"54":0,"55":0,"56":0,"57":0,"58":0,"59":0,"60":0,"61":0,"62":0,"63":0,"64":0,"65":0,"66":0,"67":0,"68":0,"69":0},"f":{"0":0,"1":0,"2":0,"3":0},"b":{"0":[0,0],"1":[0,0],"2":[0],"3":[0,0],"4":[0,0],"5":[0,0],"6":[0,0],"7":[0,0]}}
,"C:\\Users\\Randolf S. Alngag Jr\\Downloads\\websys22_final-main\\backend\\src\\entities\\AIProfile.ts": {"path":"C:\\Users\\Randolf S. Alngag Jr\\Downloads\\websys22_final-main\\backend\\src\\entities\\AIProfile.ts","statementMap":{"0":{"start":{"line":1,"column":0},"end":{"line":1,"column":99}},"1":{"start":{"line":2,"column":0},"end":{"line":2,"column":36}},"2":{"start":{"line":3,"column":0},"end":{"line":3,"column":32}},"3":{"start":{"line":4,"column":0},"end":{"line":4,"column":30}},"4":{"start":{"line":7,"column":7},"end":{"line":42,"column":null}},"5":{"start":{"line":7,"column":13},"end":{"line":7,"column":22}},"6":{"start":{"line":9,"column":2},"end":{"line":9,"column":null}},"7":{"start":{"line":12,"column":2},"end":{"line":12,"column":null}},"8":{"start":{"line":15,"column":2},"end":{"line":15,"column":null}},"9":{"start":{"line":18,"column":2},"end":{"line":18,"column":null}},"10":{"start":{"line":21,"column":2},"end":{"line":21,"column":null}},"11":{"start":{"line":24,"column":2},"end":{"line":24,"column":null}},"12":{"start":{"line":27,"column":2},"end":{"line":27,"column":null}},"13":{"start":{"line":32,"column":2},"end":{"line":32,"column":null}},"14":{"start":{"line":30,"column":19},"end":{"line":30,"column":23}},"15":{"start":{"line":30,"column":33},"end":{"line":30,"column":48}},"16":{"start":{"line":35,"column":2},"end":{"line":35,"column":null}},"17":{"start":{"line":34,"column":19},"end":{"line":34,"column":26}},"18":{"start":{"line":34,"column":39},"end":{"line":34,"column":56}},"19":{"start":{"line":38,"column":2},"end":{"line":38,"column":null}},"20":{"start":{"line":37,"column":19},"end":{"line":37,"column":24}},"21":{"start":{"line":37,"column":35},"end":{"line":37,"column":44}},"22":{"start":{"line":41,"column":2},"end":{"line":41,"column":null}},"23":{"start":{"line":40,"column":19},"end":{"line":40,"column":24}},"24":{"start":{"line":40,"column":35},"end":{"line":40,"column":44}},"25":{"start":{"line":7,"column":13},"end":{"line":42,"column":null}}},"fnMap":{"0":{"name":"(anonymous_2)","decl":{"start":{"line":30,"column":13},"end":{"line":30,"column":16}},"loc":{"start":{"line":30,"column":19},"end":{"line":30,"column":23}}},"1":{"name":"(anonymous_3)","decl":{"start":{"line":30,"column":25},"end":{"line":30,"column":29}},"loc":{"start":{"line":30,"column":33},"end":{"line":30,"column":48}}},"2":{"name":"(anonymous_4)","decl":{"start":{"line":34,"column":13},"end":{"line":34,"column":16}},"loc":{"start":{"line":34,"column":19},"end":{"line":34,"column":26}}},"3":{"name":"(anonymous_5)","decl":{"start":{"line":34,"column":28},"end":{"line":34,"column":35}},"loc":{"start":{"line":34,"column":39},"end":{"line":34,"column":56}}},"4":{"name":"(anonymous_6)","decl":{"start":{"line":37,"column":13},"end":{"line":37,"column":16}},"loc":{"start":{"line":37,"column":19},"end":{"line":37,"column":24}}},"5":{"name":"(anonymous_7)","decl":{"start":{"line":37,"column":26},"end":{"line":37,"column":31}},"loc":{"start":{"line":37,"column":35},"end":{"line":37,"column":44}}},"6":{"name":"(anonymous_8)","decl":{"start":{"line":40,"column":13},"end":{"line":40,"column":16}},"loc":{"start":{"line":40,"column":19},"end":{"line":40,"column":24}}},"7":{"name":"(anonymous_9)","decl":{"start":{"line":40,"column":26},"end":{"line":40,"column":31}},"loc":{"start":{"line":40,"column":35},"end":{"line":40,"column":44}}}},"branchMap":{},"s":{"0":0,"1":0,"2":0,"3":0,"4":0,"5":0,"6":0,"7":0,"8":0,"9":0,"10":0,"11":0,"12":0,"13":0,"14":0,"15":0,"16":0,"17":0,"18":0,"19":0,"20":0,"21":0,"22":0,"23":0,"24":0,"25":0},"f":{"0":0,"1":0,"2":0,"3":0,"4":0,"5":0,"6":0,"7":0},"b":{}}
,"C:\\Users\\Randolf S. Alngag Jr\\Downloads\\websys22_final-main\\backend\\src\\entities\\Match.ts": {"path":"C:\\Users\\Randolf S. Alngag Jr\\Downloads\\websys22_final-main\\backend\\src\\entities\\Match.ts","statementMap":{"0":{"start":{"line":1,"column":0},"end":{"line":1,"column":91}},"1":{"start":{"line":2,"column":0},"end":{"line":2,"column":40}},"2":{"start":{"line":3,"column":0},"end":{"line":3,"column":34}},"3":{"start":{"line":4,"column":0},"end":{"line":4,"column":30}},"4":{"start":{"line":7,"column":7},"end":{"line":25,"column":null}},"5":{"start":{"line":7,"column":13},"end":{"line":7,"column":18}},"6":{"start":{"line":9,"column":2},"end":{"line":9,"column":null}},"7":{"start":{"line":13,"column":2},"end":{"line":13,"column":null}},"8":{"start":{"line":11,"column":19},"end":{"line":11,"column":28}},"9":{"start":{"line":17,"column":2},"end":{"line":17,"column":null}},"10":{"start":{"line":15,"column":19},"end":{"line":15,"column":28}},"11":{"start":{"line":21,"column":2},"end":{"line":21,"column":null}},"12":{"start":{"line":19,"column":19},"end":{"line":19,"column":23}},"13":{"start":{"line":24,"column":2},"end":{"line":24,"column":null}},"14":{"start":{"line":23,"column":19},"end":{"line":23,"column":25}},"15":{"start":{"line":23,"column":37},"end":{"line":23,"column":49}},"16":{"start":{"line":7,"column":13},"end":{"line":25,"column":null}}},"fnMap":{"0":{"name":"(anonymous_2)","decl":{"start":{"line":11,"column":13},"end":{"line":11,"column":16}},"loc":{"start":{"line":11,"column":19},"end":{"line":11,"column":28}}},"1":{"name":"(anonymous_3)","decl":{"start":{"line":15,"column":13},"end":{"line":15,"column":16}},"loc":{"start":{"line":15,"column":19},"end":{"line":15,"column":28}}},"2":{"name":"(anonymous_4)","decl":{"start":{"line":19,"column":13},"end":{"line":19,"column":16}},"loc":{"start":{"line":19,"column":19},"end":{"line":19,"column":23}}},"3":{"name":"(anonymous_5)","decl":{"start":{"line":23,"column":13},"end":{"line":23,"column":16}},"loc":{"start":{"line":23,"column":19},"end":{"line":23,"column":25}}},"4":{"name":"(anonymous_6)","decl":{"start":{"line":23,"column":27},"end":{"line":23,"column":33}},"loc":{"start":{"line":23,"column":37},"end":{"line":23,"column":49}}}},"branchMap":{},"s":{"0":0,"1":0,"2":0,"3":0,"4":0,"5":0,"6":0,"7":0,"8":0,"9":0,"10":0,"11":0,"12":0,"13":0,"14":0,"15":0,"16":0},"f":{"0":0,"1":0,"2":0,"3":0,"4":0},"b":{}}
,"C:\\Users\\Randolf S. Alngag Jr\\Downloads\\websys22_final-main\\backend\\src\\entities\\Message.ts": {"path":"C:\\Users\\Randolf S. Alngag Jr\\Downloads\\websys22_final-main\\backend\\src\\entities\\Message.ts","statementMap":{"0":{"start":{"line":2,"column":0},"end":{"line":2,"column":null}},"1":{"start":{"line":9,"column":0},"end":{"line":9,"column":34}},"2":{"start":{"line":10,"column":0},"end":{"line":10,"column":40}},"3":{"start":{"line":13,"column":7},"end":{"line":34,"column":null}},"4":{"start":{"line":13,"column":13},"end":{"line":13,"column":20}},"5":{"start":{"line":15,"column":2},"end":{"line":15,"column":null}},"6":{"start":{"line":20,"column":2},"end":{"line":20,"column":null}},"7":{"start":{"line":18,"column":19},"end":{"line":18,"column":25}},"8":{"start":{"line":18,"column":39},"end":{"line":18,"column":54}},"9":{"start":{"line":25,"column":2},"end":{"line":25,"column":null}},"10":{"start":{"line":23,"column":19},"end":{"line":23,"column":28}},"11":{"start":{"line":23,"column":38},"end":{"line":23,"column":49}},"12":{"start":{"line":29,"column":2},"end":{"line":29,"column":null}},"13":{"start":{"line":33,"column":2},"end":{"line":33,"column":null}},"14":{"start":{"line":32,"column":66},"end":{"line":32,"column":85}},"15":{"start":{"line":13,"column":13},"end":{"line":34,"column":null}}},"fnMap":{"0":{"name":"(anonymous_2)","decl":{"start":{"line":18,"column":13},"end":{"line":18,"column":16}},"loc":{"start":{"line":18,"column":19},"end":{"line":18,"column":25}}},"1":{"name":"(anonymous_3)","decl":{"start":{"line":18,"column":27},"end":{"line":18,"column":28}},"loc":{"start":{"line":18,"column":39},"end":{"line":18,"column":54}}},"2":{"name":"(anonymous_4)","decl":{"start":{"line":23,"column":13},"end":{"line":23,"column":16}},"loc":{"start":{"line":23,"column":19},"end":{"line":23,"column":28}}},"3":{"name":"(anonymous_5)","decl":{"start":{"line":23,"column":30},"end":{"line":23,"column":31}},"loc":{"start":{"line":23,"column":38},"end":{"line":23,"column":49}}},"4":{"name":"(anonymous_6)","decl":{"start":{"line":32,"column":60},"end":{"line":32,"column":63}},"loc":{"start":{"line":32,"column":66},"end":{"line":32,"column":85}}}},"branchMap":{},"s":{"0":0,"1":0,"2":0,"3":0,"4":0,"5":0,"6":0,"7":0,"8":0,"9":0,"10":0,"11":0,"12":0,"13":0,"14":0,"15":0},"f":{"0":0,"1":0,"2":0,"3":0,"4":0},"b":{}}
,"C:\\Users\\Randolf S. Alngag Jr\\Downloads\\websys22_final-main\\backend\\src\\entities\\Thread.ts": {"path":"C:\\Users\\Randolf S. Alngag Jr\\Downloads\\websys22_final-main\\backend\\src\\entities\\Thread.ts","statementMap":{"0":{"start":{"line":2,"column":0},"end":{"line":2,"column":91}},"1":{"start":{"line":3,"column":0},"end":{"line":3,"column":32}},"2":{"start":{"line":4,"column":0},"end":{"line":4,"column":36}},"3":{"start":{"line":7,"column":7},"end":{"line":19,"column":null}},"4":{"start":{"line":7,"column":13},"end":{"line":7,"column":19}},"5":{"start":{"line":9,"column":2},"end":{"line":9,"column":null}},"6":{"start":{"line":14,"column":2},"end":{"line":14,"column":null}},"7":{"start":{"line":12,"column":19},"end":{"line":12,"column":24}},"8":{"start":{"line":12,"column":37},"end":{"line":12,"column":50}},"9":{"start":{"line":18,"column":2},"end":{"line":18,"column":null}},"10":{"start":{"line":17,"column":19},"end":{"line":17,"column":26}},"11":{"start":{"line":17,"column":41},"end":{"line":17,"column":55}},"12":{"start":{"line":7,"column":13},"end":{"line":19,"column":null}}},"fnMap":{"0":{"name":"(anonymous_2)","decl":{"start":{"line":12,"column":13},"end":{"line":12,"column":16}},"loc":{"start":{"line":12,"column":19},"end":{"line":12,"column":24}}},"1":{"name":"(anonymous_3)","decl":{"start":{"line":12,"column":26},"end":{"line":12,"column":27}},"loc":{"start":{"line":12,"column":37},"end":{"line":12,"column":50}}},"2":{"name":"(anonymous_4)","decl":{"start":{"line":17,"column":13},"end":{"line":17,"column":16}},"loc":{"start":{"line":17,"column":19},"end":{"line":17,"column":26}}},"3":{"name":"(anonymous_5)","decl":{"start":{"line":17,"column":28},"end":{"line":17,"column":29}},"loc":{"start":{"line":17,"column":41},"end":{"line":17,"column":55}}}},"branchMap":{},"s":{"0":0,"1":0,"2":0,"3":0,"4":0,"5":0,"6":0,"7":0,"8":0,"9":0,"10":0,"11":0,"12":0},"f":{"0":0,"1":0,"2":0,"3":0},"b":{}}
,"C:\\Users\\Randolf S. Alngag Jr\\Downloads\\websys22_final-main\\backend\\src\\entities\\User.ts": {"path":"C:\\Users\\Randolf S. Alngag Jr\\Downloads\\websys22_final-main\\backend\\src\\entities\\User.ts","statementMap":{"0":{"start":{"line":2,"column":0},"end":{"line":2,"column":76}},"1":{"start":{"line":3,"column":0},"end":{"line":3,"column":40}},"2":{"start":{"line":4,"column":0},"end":{"line":4,"column":32}},"3":{"start":{"line":8,"column":7},"end":{"line":32,"column":null}},"4":{"start":{"line":8,"column":13},"end":{"line":8,"column":17}},"5":{"start":{"line":10,"column":2},"end":{"line":10,"column":null}},"6":{"start":{"line":13,"column":2},"end":{"line":13,"column":null}},"7":{"start":{"line":16,"column":2},"end":{"line":16,"column":null}},"8":{"start":{"line":19,"column":2},"end":{"line":19,"column":null}},"9":{"start":{"line":23,"column":2},"end":{"line":23,"column":null}},"10":{"start":{"line":22,"column":19},"end":{"line":22,"column":28}},"11":{"start":{"line":22,"column":43},"end":{"line":22,"column":57}},"12":{"start":{"line":27,"column":2},"end":{"line":27,"column":null}},"13":{"start":{"line":26,"column":19},"end":{"line":26,"column":24}},"14":{"start":{"line":26,"column":35},"end":{"line":26,"column":45}},"15":{"start":{"line":8,"column":13},"end":{"line":32,"column":null}}},"fnMap":{"0":{"name":"(anonymous_2)","decl":{"start":{"line":22,"column":13},"end":{"line":22,"column":16}},"loc":{"start":{"line":22,"column":19},"end":{"line":22,"column":28}}},"1":{"name":"(anonymous_3)","decl":{"start":{"line":22,"column":30},"end":{"line":22,"column":39}},"loc":{"start":{"line":22,"column":43},"end":{"line":22,"column":57}}},"2":{"name":"(anonymous_4)","decl":{"start":{"line":26,"column":13},"end":{"line":26,"column":16}},"loc":{"start":{"line":26,"column":19},"end":{"line":26,"column":24}}},"3":{"name":"(anonymous_5)","decl":{"start":{"line":26,"column":26},"end":{"line":26,"column":31}},"loc":{"start":{"line":26,"column":35},"end":{"line":26,"column":45}}}},"branchMap":{},"s":{"0":0,"1":0,"2":0,"3":0,"4":0,"5":0,"6":0,"7":0,"8":0,"9":0,"10":0,"11":0,"12":0,"13":0,"14":0,"15":0},"f":{"0":0,"1":0,"2":0,"3":0},"b":{}}
,"C:\\Users\\Randolf S. Alngag Jr\\Downloads\\websys22_final-main\\backend\\src\\middleware\\auth.ts": {"path":"C:\\Users\\Randolf S. Alngag Jr\\Downloads\\websys22_final-main\\backend\\src\\middleware\\auth.ts","statementMap":{"0":{"start":{"line":2,"column":0},"end":{"line":2,"column":33}},"1":{"start":{"line":3,"column":0},"end":{"line":3,"column":35}},"2":{"start":{"line":4,"column":0},"end":{"line":4,"column":28}},"3":{"start":{"line":5,"column":0},"end":{"line":5,"column":38}},"4":{"start":{"line":6,"column":0},"end":{"line":6,"column":40}},"5":{"start":{"line":8,"column":15},"end":{"line":8,"column":23}},"6":{"start":{"line":10,"column":0},"end":{"line":33,"column":3}},"7":{"start":{"line":10,"column":44},"end":{"line":33,"column":2}},"8":{"start":{"line":11,"column":2},"end":{"line":32,"column":3}},"9":{"start":{"line":12,"column":38},"end":{"line":12,"column":46}},"10":{"start":{"line":13,"column":4},"end":{"line":13,"column":58}},"11":{"start":{"line":15,"column":4},"end":{"line":17,"column":5}},"12":{"start":{"line":16,"column":6},"end":{"line":16,"column":88}},"13":{"start":{"line":18,"column":25},"end":{"line":18,"column":51}},"14":{"start":{"line":19,"column":25},"end":{"line":19,"column":102}},"15":{"start":{"line":20,"column":4},"end":{"line":22,"column":5}},"16":{"start":{"line":21,"column":6},"end":{"line":21,"column":71}},"17":{"start":{"line":23,"column":27},"end":{"line":23,"column":58}},"18":{"start":{"line":24,"column":17},"end":{"line":24,"column":108}},"19":{"start":{"line":25,"column":4},"end":{"line":25,"column":46}},"20":{"start":{"line":26,"column":4},"end":{"line":26,"column":43}},"21":{"start":{"line":27,"column":4},"end":{"line":27,"column":58}},"22":{"start":{"line":28,"column":4},"end":{"line":28,"column":57}},"23":{"start":{"line":30,"column":4},"end":{"line":30,"column":48}},"24":{"start":{"line":31,"column":4},"end":{"line":31,"column":92}},"25":{"start":{"line":35,"column":0},"end":{"line":50,"column":3}},"26":{"start":{"line":36,"column":2},"end":{"line":49,"column":21}},"27":{"start":{"line":37,"column":4},"end":{"line":39,"column":5}},"28":{"start":{"line":38,"column":6},"end":{"line":38,"column":23}},"29":{"start":{"line":40,"column":4},"end":{"line":42,"column":5}},"30":{"start":{"line":41,"column":6},"end":{"line":41,"column":87}},"31":{"start":{"line":43,"column":5},"end":{"line":48,"column":7}},"32":{"start":{"line":44,"column":6},"end":{"line":46,"column":7}},"33":{"start":{"line":45,"column":8},"end":{"line":45,"column":25}},"34":{"start":{"line":47,"column":6},"end":{"line":47,"column":100}},"35":{"start":{"line":52,"column":0},"end":{"line":64,"column":3}},"36":{"start":{"line":53,"column":3},"end":{"line":63,"column":5}},"37":{"start":{"line":54,"column":4},"end":{"line":56,"column":5}},"38":{"start":{"line":55,"column":6},"end":{"line":55,"column":68}},"39":{"start":{"line":57,"column":5},"end":{"line":62,"column":7}},"40":{"start":{"line":58,"column":6},"end":{"line":60,"column":7}},"41":{"start":{"line":59,"column":8},"end":{"line":59,"column":78}},"42":{"start":{"line":61,"column":6},"end":{"line":61,"column":42}},"43":{"start":{"line":66,"column":0},"end":{"line":72,"column":3}},"44":{"start":{"line":67,"column":2},"end":{"line":69,"column":3}},"45":{"start":{"line":68,"column":4},"end":{"line":68,"column":66}},"46":{"start":{"line":70,"column":16},"end":{"line":70,"column":40}},"47":{"start":{"line":71,"column":2},"end":{"line":71,"column":64}},"48":{"start":{"line":74,"column":0},"end":{"line":74,"column":22}},"49":{"start":{"line":76,"column":20},"end":{"line":81,"column":1}},"50":{"start":{"line":77,"column":2},"end":{"line":79,"column":3}},"51":{"start":{"line":78,"column":4},"end":{"line":78,"column":66}},"52":{"start":{"line":80,"column":2},"end":{"line":80,"column":9}},"53":{"start":{"line":76,"column":13},"end":{"line":76,"column":20}}},"fnMap":{"0":{"name":"(anonymous_8)","decl":{"start":{"line":10,"column":25},"end":{"line":10,"column":32}},"loc":{"start":{"line":10,"column":44},"end":{"line":33,"column":2}}},"1":{"name":"(anonymous_9)","decl":{"start":{"line":10,"column":44},"end":{"line":10,"column":null}},"loc":{"start":{"line":10,"column":44},"end":{"line":33,"column":1}}},"2":{"name":"(anonymous_10)","decl":{"start":{"line":35,"column":22},"end":{"line":35,"column":23}},"loc":{"start":{"line":35,"column":41},"end":{"line":50,"column":1}}},"3":{"name":"(anonymous_11)","decl":{"start":{"line":36,"column":33},"end":{"line":36,"column":34}},"loc":{"start":{"line":36,"column":69},"end":{"line":49,"column":3}}},"4":{"name":"(anonymous_12)","decl":{"start":{"line":43,"column":29},"end":{"line":43,"column":30}},"loc":{"start":{"line":43,"column":37},"end":{"line":48,"column":5}}},"5":{"name":"(anonymous_13)","decl":{"start":{"line":52,"column":23},"end":{"line":52,"column":24}},"loc":{"start":{"line":52,"column":36},"end":{"line":64,"column":1}}},"6":{"name":"(anonymous_14)","decl":{"start":{"line":53,"column":22},"end":{"line":53,"column":23}},"loc":{"start":{"line":53,"column":30},"end":{"line":63,"column":3}}},"7":{"name":"(anonymous_15)","decl":{"start":{"line":57,"column":33},"end":{"line":57,"column":34}},"loc":{"start":{"line":57,"column":41},"end":{"line":62,"column":5}}},"8":{"name":"(anonymous_16)","decl":{"start":{"line":66,"column":22},"end":{"line":66,"column":23}},"loc":{"start":{"line":66,"column":35},"end":{"line":72,"column":1}}},"9":{"name":"(anonymous_17)","decl":{"start":{"line":76,"column":20},"end":{"line":76,"column":21}},"loc":{"start":{"line":76,"column":54},"end":{"line":81,"column":1}}}},"branchMap":{"0":{"loc":{"start":{"line":15,"column":4},"end":{"line":17,"column":5}},"type":"if","locations":[{"start":{"line":15,"column":4},"end":{"line":17,"column":5}}]},"1":{"loc":{"start":{"line":15,"column":8},"end":{"line":15,"column":36}},"type":"binary-expr","locations":[{"start":{"line":15,"column":8},"end":{"line":15,"column":13}},{"start":{"line":15,"column":17},"end":{"line":15,"column":23}},{"start":{"line":15,"column":27},"end":{"line":15,"column":36}}]},"2":{"loc":{"start":{"line":20,"column":4},"end":{"line":22,"column":5}},"type":"if","locations":[{"start":{"line":20,"column":4},"end":{"line":22,"column":5}}]},"3":{"loc":{"start":{"line":37,"column":4},"end":{"line":39,"column":5}},"type":"if","locations":[{"start":{"line":37,"column":4},"end":{"line":39,"column":5}}]},"4":{"loc":{"start":{"line":40,"column":4},"end":{"line":42,"column":5}},"type":"if","locations":[{"start":{"line":40,"column":4},"end":{"line":42,"column":5}}]},"5":{"loc":{"start":{"line":41,"column":45},"end":{"line":41,"column":83}},"type":"binary-expr","locations":[{"start":{"line":41,"column":45},"end":{"line":41,"column":58}},{"start":{"line":41,"column":62},"end":{"line":41,"column":83}}]},"6":{"loc":{"start":{"line":41,"column":45},"end":{"line":41,"column":58}},"type":"cond-expr","locations":[{"start":{"line":41,"column":49},"end":{"line":41,"column":51}},{"start":{"line":41,"column":45},"end":{"line":41,"column":58}}]},"7":{"loc":{"start":{"line":41,"column":45},"end":{"line":41,"column":51}},"type":"binary-expr","locations":[{"start":{"line":41,"column":45},"end":{"line":41,"column":51}},{"start":{"line":41,"column":45},"end":{"line":41,"column":51}}]},"8":{"loc":{"start":{"line":44,"column":6},"end":{"line":46,"column":7}},"type":"if","locations":[{"start":{"line":44,"column":6},"end":{"line":46,"column":7}}]},"9":{"loc":{"start":{"line":54,"column":4},"end":{"line":56,"column":5}},"type":"if","locations":[{"start":{"line":54,"column":4},"end":{"line":56,"column":5}}]},"10":{"loc":{"start":{"line":58,"column":6},"end":{"line":60,"column":7}},"type":"if","locations":[{"start":{"line":58,"column":6},"end":{"line":60,"column":7}}]},"11":{"loc":{"start":{"line":67,"column":2},"end":{"line":69,"column":3}},"type":"if","locations":[{"start":{"line":67,"column":2},"end":{"line":69,"column":3}}]},"12":{"loc":{"start":{"line":77,"column":2},"end":{"line":79,"column":3}},"type":"if","locations":[{"start":{"line":77,"column":2},"end":{"line":79,"column":3}}]}},"s":{"0":0,"1":0,"2":0,"3":0,"4":0,"5":0,"6":0,"7":0,"8":0,"9":0,"10":0,"11":0,"12":0,"13":0,"14":0,"15":0,"16":0,"17":0,"18":0,"19":0,"20":0,"21":0,"22":0,"23":0,"24":0,"25":0,"26":0,"27":0,"28":0,"29":0,"30":0,"31":0,"32":0,"33":0,"34":0,"35":0,"36":0,"37":0,"38":0,"39":0,"40":0,"41":0,"42":0,"43":0,"44":0,"45":0,"46":0,"47":0,"48":0,"49":0,"50":0,"51":0,"52":0,"53":0},"f":{"0":0,"1":0,"2":0,"3":0,"4":0,"5":0,"6":0,"7":0,"8":0,"9":0},"b":{"0":[0],"1":[0,0,0],"2":[0],"3":[0],"4":[0],"5":[0,0],"6":[0,0],"7":[0,0],"8":[0],"9":[0],"10":[0],"11":[0],"12":[0]}}
,"C:\\Users\\Randolf S. Alngag Jr\\Downloads\\websys22_final-main\\backend\\src\\routes\\aiProfiles.ts": {"path":"C:\\Users\\Randolf S. Alngag Jr\\Downloads\\websys22_final-main\\backend\\src\\routes\\aiProfiles.ts","statementMap":{"0":{"start":{"line":2,"column":0},"end":{"line":2,"column":33}},"1":{"start":{"line":3,"column":0},"end":{"line":3,"column":38}},"2":{"start":{"line":4,"column":0},"end":{"line":4,"column":50}},"3":{"start":{"line":5,"column":0},"end":{"line":5,"column":40}},"4":{"start":{"line":6,"column":0},"end":{"line":6,"column":42}},"5":{"start":{"line":7,"column":0},"end":{"line":7,"column":42}},"6":{"start":{"line":9,"column":15},"end":{"line":9,"column":23}},"7":{"start":{"line":11,"column":0},"end":{"line":11,"column":17}},"8":{"start":{"line":13,"column":0},"end":{"line":39,"column":3}},"9":{"start":{"line":13,"column":35},"end":{"line":39,"column":2}},"10":{"start":{"line":14,"column":2},"end":{"line":38,"column":3}},"11":{"start":{"line":15,"column":20},"end":{"line":15,"column":39}},"12":{"start":{"line":16,"column":17},"end":{"line":16,"column":56}},"13":{"start":{"line":17,"column":18},"end":{"line":17,"column":59}},"14":{"start":{"line":18,"column":19},"end":{"line":18,"column":37}},"15":{"start":{"line":20,"column":32},"end":{"line":24,"column":6}},"16":{"start":{"line":26,"column":4},"end":{"line":34,"column":7}},"17":{"start":{"line":36,"column":4},"end":{"line":36,"column":48}},"18":{"start":{"line":37,"column":4},"end":{"line":37,"column":98}},"19":{"start":{"line":41,"column":0},"end":{"line":66,"column":3}},"20":{"start":{"line":41,"column":41},"end":{"line":66,"column":2}},"21":{"start":{"line":42,"column":2},"end":{"line":65,"column":3}},"22":{"start":{"line":43,"column":17},"end":{"line":43,"column":56}},"23":{"start":{"line":44,"column":18},"end":{"line":44,"column":59}},"24":{"start":{"line":45,"column":19},"end":{"line":45,"column":37}},"25":{"start":{"line":47,"column":32},"end":{"line":51,"column":6}},"26":{"start":{"line":53,"column":4},"end":{"line":61,"column":7}},"27":{"start":{"line":63,"column":4},"end":{"line":63,"column":55}},"28":{"start":{"line":64,"column":4},"end":{"line":64,"column":105}},"29":{"start":{"line":68,"column":0},"end":{"line":80,"column":3}},"30":{"start":{"line":68,"column":36},"end":{"line":80,"column":2}},"31":{"start":{"line":69,"column":2},"end":{"line":79,"column":3}},"32":{"start":{"line":70,"column":20},"end":{"line":70,"column":39}},"33":{"start":{"line":71,"column":17},"end":{"line":71,"column":85}},"34":{"start":{"line":72,"column":4},"end":{"line":72,"column":74}},"35":{"start":{"line":72,"column":15},"end":{"line":72,"column":74}},"36":{"start":{"line":73,"column":22},"end":{"line":73,"column":84}},"37":{"start":{"line":74,"column":4},"end":{"line":74,"column":48}},"38":{"start":{"line":75,"column":4},"end":{"line":75,"column":36}},"39":{"start":{"line":77,"column":4},"end":{"line":77,"column":50}},"40":{"start":{"line":78,"column":4},"end":{"line":78,"column":98}},"41":{"start":{"line":82,"column":0},"end":{"line":94,"column":3}},"42":{"start":{"line":82,"column":38},"end":{"line":94,"column":2}},"43":{"start":{"line":83,"column":2},"end":{"line":93,"column":3}},"44":{"start":{"line":84,"column":20},"end":{"line":84,"column":39}},"45":{"start":{"line":85,"column":22},"end":{"line":85,"column":134}},"46":{"start":{"line":86,"column":4},"end":{"line":86,"column":85}},"47":{"start":{"line":86,"column":20},"end":{"line":86,"column":85}},"48":{"start":{"line":87,"column":4},"end":{"line":87,"column":39}},"49":{"start":{"line":88,"column":4},"end":{"line":88,"column":48}},"50":{"start":{"line":89,"column":4},"end":{"line":89,"column":24}},"51":{"start":{"line":91,"column":4},"end":{"line":91,"column":50}},"52":{"start":{"line":92,"column":4},"end":{"line":92,"column":98}},"53":{"start":{"line":96,"column":0},"end":{"line":111,"column":3}},"54":{"start":{"line":96,"column":41},"end":{"line":111,"column":2}},"55":{"start":{"line":97,"column":2},"end":{"line":110,"column":3}},"56":{"start":{"line":98,"column":22},"end":{"line":98,"column":112}},"57":{"start":{"line":99,"column":4},"end":{"line":99,"column":85}},"58":{"start":{"line":99,"column":20},"end":{"line":99,"column":85}},"59":{"start":{"line":101,"column":4},"end":{"line":104,"column":7}},"60":{"start":{"line":105,"column":4},"end":{"line":105,"column":50}},"61":{"start":{"line":106,"column":4},"end":{"line":106,"column":48}},"62":{"start":{"line":108,"column":4},"end":{"line":108,"column":50}},"63":{"start":{"line":109,"column":4},"end":{"line":109,"column":98}},"64":{"start":{"line":113,"column":0},"end":{"line":113,"column":22}}},"fnMap":{"0":{"name":"(anonymous_7)","decl":{"start":{"line":13,"column":16},"end":{"line":13,"column":23}},"loc":{"start":{"line":13,"column":35},"end":{"line":39,"column":2}}},"1":{"name":"(anonymous_8)","decl":{"start":{"line":13,"column":35},"end":{"line":13,"column":null}},"loc":{"start":{"line":13,"column":35},"end":{"line":39,"column":1}}},"2":{"name":"(anonymous_9)","decl":{"start":{"line":41,"column":22},"end":{"line":41,"column":29}},"loc":{"start":{"line":41,"column":41},"end":{"line":66,"column":2}}},"3":{"name":"(anonymous_10)","decl":{"start":{"line":41,"column":41},"end":{"line":41,"column":null}},"loc":{"start":{"line":41,"column":41},"end":{"line":66,"column":1}}},"4":{"name":"(anonymous_11)","decl":{"start":{"line":68,"column":17},"end":{"line":68,"column":24}},"loc":{"start":{"line":68,"column":36},"end":{"line":80,"column":2}}},"5":{"name":"(anonymous_12)","decl":{"start":{"line":68,"column":36},"end":{"line":68,"column":null}},"loc":{"start":{"line":68,"column":36},"end":{"line":80,"column":1}}},"6":{"name":"(anonymous_13)","decl":{"start":{"line":82,"column":19},"end":{"line":82,"column":26}},"loc":{"start":{"line":82,"column":38},"end":{"line":94,"column":2}}},"7":{"name":"(anonymous_14)","decl":{"start":{"line":82,"column":38},"end":{"line":82,"column":null}},"loc":{"start":{"line":82,"column":38},"end":{"line":94,"column":1}}},"8":{"name":"(anonymous_15)","decl":{"start":{"line":96,"column":22},"end":{"line":96,"column":29}},"loc":{"start":{"line":96,"column":41},"end":{"line":111,"column":2}}},"9":{"name":"(anonymous_16)","decl":{"start":{"line":96,"column":41},"end":{"line":96,"column":null}},"loc":{"start":{"line":96,"column":41},"end":{"line":111,"column":1}}}},"branchMap":{"0":{"loc":{"start":{"line":16,"column":17},"end":{"line":16,"column":56}},"type":"binary-expr","locations":[{"start":{"line":16,"column":17},"end":{"line":16,"column":51}},{"start":{"line":16,"column":55},"end":{"line":16,"column":56}}]},"1":{"loc":{"start":{"line":17,"column":18},"end":{"line":17,"column":59}},"type":"binary-expr","locations":[{"start":{"line":17,"column":18},"end":{"line":17,"column":53}},{"start":{"line":17,"column":57},"end":{"line":17,"column":59}}]},"2":{"loc":{"start":{"line":43,"column":17},"end":{"line":43,"column":56}},"type":"binary-expr","locations":[{"start":{"line":43,"column":17},"end":{"line":43,"column":51}},{"start":{"line":43,"column":55},"end":{"line":43,"column":56}}]},"3":{"loc":{"start":{"line":44,"column":18},"end":{"line":44,"column":59}},"type":"binary-expr","locations":[{"start":{"line":44,"column":18},"end":{"line":44,"column":53}},{"start":{"line":44,"column":57},"end":{"line":44,"column":59}}]},"4":{"loc":{"start":{"line":72,"column":4},"end":{"line":72,"column":74}},"type":"if","locations":[{"start":{"line":72,"column":4},"end":{"line":72,"column":74}}]},"5":{"loc":{"start":{"line":86,"column":4},"end":{"line":86,"column":85}},"type":"if","locations":[{"start":{"line":86,"column":4},"end":{"line":86,"column":85}}]},"6":{"loc":{"start":{"line":99,"column":4},"end":{"line":99,"column":85}},"type":"if","locations":[{"start":{"line":99,"column":4},"end":{"line":99,"column":85}}]}},"s":{"0":0,"1":0,"2":0,"3":0,"4":0,"5":0,"6":0,"7":0,"8":0,"9":0,"10":0,"11":0,"12":0,"13":0,"14":0,"15":0,"16":0,"17":0,"18":0,"19":0,"20":0,"21":0,"22":0,"23":0,"24":0,"25":0,"26":0,"27":0,"28":0,"29":0,"30":0,"31":0,"32":0,"33":0,"34":0,"35":0,"36":0,"37":0,"38":0,"39":0,"40":0,"41":0,"42":0,"43":0,"44":0,"45":0,"46":0,"47":0,"48":0,"49":0,"50":0,"51":0,"52":0,"53":0,"54":0,"55":0,"56":0,"57":0,"58":0,"59":0,"60":0,"61":0,"62":0,"63":0,"64":0},"f":{"0":0,"1":0,"2":0,"3":0,"4":0,"5":0,"6":0,"7":0,"8":0,"9":0},"b":{"0":[0,0],"1":[0,0],"2":[0,0],"3":[0,0],"4":[0],"5":[0],"6":[0]}}
,"C:\\Users\\Randolf S. Alngag Jr\\Downloads\\websys22_final-main\\backend\\src\\routes\\auth.ts": {"path":"C:\\Users\\Randolf S. Alngag Jr\\Downloads\\websys22_final-main\\backend\\src\\routes\\auth.ts","statementMap":{"0":{"start":{"line":3,"column":0},"end":{"line":3,"column":33}},"1":{"start":{"line":4,"column":0},"end":{"line":4,"column":35}},"2":{"start":{"line":5,"column":0},"end":{"line":5,"column":28}},"3":{"start":{"line":6,"column":0},"end":{"line":6,"column":38}},"4":{"start":{"line":7,"column":0},"end":{"line":7,"column":40}},"5":{"start":{"line":10,"column":15},"end":{"line":10,"column":23}},"6":{"start":{"line":12,"column":0},"end":{"line":31,"column":3}},"7":{"start":{"line":12,"column":44},"end":{"line":31,"column":2}},"8":{"start":{"line":13,"column":2},"end":{"line":30,"column":3}},"9":{"start":{"line":14,"column":38},"end":{"line":14,"column":46}},"10":{"start":{"line":15,"column":4},"end":{"line":17,"column":5}},"11":{"start":{"line":16,"column":6},"end":{"line":16,"column":88}},"12":{"start":{"line":18,"column":25},"end":{"line":18,"column":59}},"13":{"start":{"line":19,"column":25},"end":{"line":19,"column":102}},"14":{"start":{"line":20,"column":4},"end":{"line":22,"column":5}},"15":{"start":{"line":21,"column":6},"end":{"line":21,"column":71}},"16":{"start":{"line":23,"column":27},"end":{"line":23,"column":66}},"17":{"start":{"line":24,"column":17},"end":{"line":24,"column":108}},"18":{"start":{"line":25,"column":4},"end":{"line":25,"column":43}},"19":{"start":{"line":26,"column":4},"end":{"line":26,"column":57}},"20":{"start":{"line":28,"column":4},"end":{"line":28,"column":48}},"21":{"start":{"line":29,"column":4},"end":{"line":29,"column":92}},"22":{"start":{"line":33,"column":0},"end":{"line":42,"column":3}},"23":{"start":{"line":34,"column":2},"end":{"line":41,"column":21}},"24":{"start":{"line":35,"column":4},"end":{"line":35,"column":30}},"25":{"start":{"line":35,"column":13},"end":{"line":35,"column":30}},"26":{"start":{"line":36,"column":4},"end":{"line":36,"column":96}},"27":{"start":{"line":36,"column":15},"end":{"line":36,"column":96}},"28":{"start":{"line":37,"column":5},"end":{"line":40,"column":7}},"29":{"start":{"line":38,"column":6},"end":{"line":38,"column":32}},"30":{"start":{"line":38,"column":15},"end":{"line":38,"column":32}},"31":{"start":{"line":39,"column":6},"end":{"line":39,"column":114}},"32":{"start":{"line":45,"column":0},"end":{"line":54,"column":3}},"33":{"start":{"line":46,"column":2},"end":{"line":53,"column":21}},"34":{"start":{"line":47,"column":4},"end":{"line":47,"column":30}},"35":{"start":{"line":47,"column":13},"end":{"line":47,"column":30}},"36":{"start":{"line":48,"column":4},"end":{"line":48,"column":97}},"37":{"start":{"line":48,"column":13},"end":{"line":48,"column":97}},"38":{"start":{"line":49,"column":5},"end":{"line":52,"column":7}},"39":{"start":{"line":50,"column":6},"end":{"line":50,"column":32}},"40":{"start":{"line":50,"column":15},"end":{"line":50,"column":32}},"41":{"start":{"line":51,"column":6},"end":{"line":51,"column":92}},"42":{"start":{"line":56,"column":0},"end":{"line":64,"column":3}},"43":{"start":{"line":57,"column":3},"end":{"line":63,"column":5}},"44":{"start":{"line":58,"column":4},"end":{"line":58,"column":75}},"45":{"start":{"line":58,"column":13},"end":{"line":58,"column":75}},"46":{"start":{"line":59,"column":5},"end":{"line":62,"column":7}},"47":{"start":{"line":60,"column":6},"end":{"line":60,"column":86}},"48":{"start":{"line":60,"column":16},"end":{"line":60,"column":86}},"49":{"start":{"line":61,"column":6},"end":{"line":61,"column":42}},"50":{"start":{"line":66,"column":0},"end":{"line":74,"column":3}},"51":{"start":{"line":67,"column":2},"end":{"line":69,"column":3}},"52":{"start":{"line":68,"column":4},"end":{"line":68,"column":66}},"53":{"start":{"line":70,"column":16},"end":{"line":70,"column":39}},"54":{"start":{"line":72,"column":15},"end":{"line":72,"column":41}},"55":{"start":{"line":73,"column":2},"end":{"line":73,"column":70}},"56":{"start":{"line":76,"column":0},"end":{"line":76,"column":22}}},"fnMap":{"0":{"name":"(anonymous_8)","decl":{"start":{"line":12,"column":25},"end":{"line":12,"column":32}},"loc":{"start":{"line":12,"column":44},"end":{"line":31,"column":2}}},"1":{"name":"(anonymous_9)","decl":{"start":{"line":12,"column":44},"end":{"line":12,"column":null}},"loc":{"start":{"line":12,"column":44},"end":{"line":31,"column":1}}},"2":{"name":"(anonymous_10)","decl":{"start":{"line":33,"column":22},"end":{"line":33,"column":23}},"loc":{"start":{"line":33,"column":41},"end":{"line":42,"column":1}}},"3":{"name":"(anonymous_11)","decl":{"start":{"line":34,"column":33},"end":{"line":34,"column":34}},"loc":{"start":{"line":34,"column":69},"end":{"line":41,"column":3}}},"4":{"name":"(anonymous_12)","decl":{"start":{"line":37,"column":29},"end":{"line":37,"column":30}},"loc":{"start":{"line":37,"column":42},"end":{"line":40,"column":5}}},"5":{"name":"(anonymous_13)","decl":{"start":{"line":45,"column":25},"end":{"line":45,"column":26}},"loc":{"start":{"line":45,"column":44},"end":{"line":54,"column":1}}},"6":{"name":"(anonymous_14)","decl":{"start":{"line":46,"column":36},"end":{"line":46,"column":37}},"loc":{"start":{"line":46,"column":75},"end":{"line":53,"column":3}}},"7":{"name":"(anonymous_15)","decl":{"start":{"line":49,"column":27},"end":{"line":49,"column":28}},"loc":{"start":{"line":49,"column":40},"end":{"line":52,"column":5}}},"8":{"name":"(anonymous_16)","decl":{"start":{"line":56,"column":23},"end":{"line":56,"column":24}},"loc":{"start":{"line":56,"column":36},"end":{"line":64,"column":1}}},"9":{"name":"(anonymous_17)","decl":{"start":{"line":57,"column":22},"end":{"line":57,"column":23}},"loc":{"start":{"line":57,"column":35},"end":{"line":63,"column":3}}},"10":{"name":"(anonymous_18)","decl":{"start":{"line":59,"column":33},"end":{"line":59,"column":34}},"loc":{"start":{"line":59,"column":47},"end":{"line":62,"column":5}}},"11":{"name":"(anonymous_19)","decl":{"start":{"line":66,"column":22},"end":{"line":66,"column":23}},"loc":{"start":{"line":66,"column":35},"end":{"line":74,"column":1}}}},"branchMap":{"0":{"loc":{"start":{"line":15,"column":4},"end":{"line":17,"column":5}},"type":"if","locations":[{"start":{"line":15,"column":4},"end":{"line":17,"column":5}}]},"1":{"loc":{"start":{"line":15,"column":8},"end":{"line":15,"column":36}},"type":"binary-expr","locations":[{"start":{"line":15,"column":8},"end":{"line":15,"column":13}},{"start":{"line":15,"column":17},"end":{"line":15,"column":23}},{"start":{"line":15,"column":27},"end":{"line":15,"column":36}}]},"2":{"loc":{"start":{"line":20,"column":4},"end":{"line":22,"column":5}},"type":"if","locations":[{"start":{"line":20,"column":4},"end":{"line":22,"column":5}}]},"3":{"loc":{"start":{"line":35,"column":4},"end":{"line":35,"column":30}},"type":"if","locations":[{"start":{"line":35,"column":4},"end":{"line":35,"column":30}}]},"4":{"loc":{"start":{"line":36,"column":4},"end":{"line":36,"column":96}},"type":"if","locations":[{"start":{"line":36,"column":4},"end":{"line":36,"column":96}}]},"5":{"loc":{"start":{"line":36,"column":54},"end":{"line":36,"column":92}},"type":"binary-expr","locations":[{"start":{"line":36,"column":54},"end":{"line":36,"column":67}},{"start":{"line":36,"column":71},"end":{"line":36,"column":92}}]},"6":{"loc":{"start":{"line":36,"column":54},"end":{"line":36,"column":67}},"type":"cond-expr","locations":[{"start":{"line":36,"column":58},"end":{"line":36,"column":60}},{"start":{"line":36,"column":54},"end":{"line":36,"column":67}}]},"7":{"loc":{"start":{"line":36,"column":54},"end":{"line":36,"column":60}},"type":"binary-expr","locations":[{"start":{"line":36,"column":54},"end":{"line":36,"column":60}},{"start":{"line":36,"column":54},"end":{"line":36,"column":60}}]},"8":{"loc":{"start":{"line":38,"column":6},"end":{"line":38,"column":32}},"type":"if","locations":[{"start":{"line":38,"column":6},"end":{"line":38,"column":32}}]},"9":{"loc":{"start":{"line":47,"column":4},"end":{"line":47,"column":30}},"type":"if","locations":[{"start":{"line":47,"column":4},"end":{"line":47,"column":30}}]},"10":{"loc":{"start":{"line":48,"column":4},"end":{"line":48,"column":97}},"type":"if","locations":[{"start":{"line":48,"column":4},"end":{"line":48,"column":97}}]},"11":{"loc":{"start":{"line":48,"column":52},"end":{"line":48,"column":93}},"type":"binary-expr","locations":[{"start":{"line":48,"column":52},"end":{"line":48,"column":65}},{"start":{"line":48,"column":69},"end":{"line":48,"column":93}}]},"12":{"loc":{"start":{"line":48,"column":52},"end":{"line":48,"column":65}},"type":"cond-expr","locations":[{"start":{"line":48,"column":56},"end":{"line":48,"column":58}},{"start":{"line":48,"column":52},"end":{"line":48,"column":65}}]},"13":{"loc":{"start":{"line":48,"column":52},"end":{"line":48,"column":58}},"type":"binary-expr","locations":[{"start":{"line":48,"column":52},"end":{"line":48,"column":58}},{"start":{"line":48,"column":52},"end":{"line":48,"column":58}}]},"14":{"loc":{"start":{"line":50,"column":6},"end":{"line":50,"column":32}},"type":"if","locations":[{"start":{"line":50,"column":6},"end":{"line":50,"column":32}}]},"15":{"loc":{"start":{"line":58,"column":4},"end":{"line":58,"column":75}},"type":"if","locations":[{"start":{"line":58,"column":4},"end":{"line":58,"column":75}}]},"16":{"loc":{"start":{"line":60,"column":6},"end":{"line":60,"column":86}},"type":"if","locations":[{"start":{"line":60,"column":6},"end":{"line":60,"column":86}}]},"17":{"loc":{"start":{"line":67,"column":2},"end":{"line":69,"column":3}},"type":"if","locations":[{"start":{"line":67,"column":2},"end":{"line":69,"column":3}}]},"18":{"loc":{"start":{"line":72,"column":15},"end":{"line":72,"column":41}},"type":"cond-expr","locations":[{"start":{"line":72,"column":28},"end":{"line":72,"column":34}},{"start":{"line":72,"column":37},"end":{"line":72,"column":41}}]}},"s":{"0":0,"1":0,"2":0,"3":0,"4":0,"5":0,"6":0,"7":0,"8":0,"9":0,"10":0,"11":0,"12":0,"13":0,"14":0,"15":0,"16":0,"17":0,"18":0,"19":0,"20":0,"21":0,"22":0,"23":0,"24":0,"25":0,"26":0,"27":0,"28":0,"29":0,"30":0,"31":0,"32":0,"33":0,"34":0,"35":0,"36":0,"37":0,"38":0,"39":0,"40":0,"41":0,"42":0,"43":0,"44":0,"45":0,"46":0,"47":0,"48":0,"49":0,"50":0,"51":0,"52":0,"53":0,"54":0,"55":0,"56":0},"f":{"0":0,"1":0,"2":0,"3":0,"4":0,"5":0,"6":0,"7":0,"8":0,"9":0,"10":0,"11":0},"b":{"0":[0],"1":[0,0,0],"2":[0],"3":[0],"4":[0],"5":[0,0],"6":[0,0],"7":[0,0],"8":[0],"9":[0],"10":[0],"11":[0,0],"12":[0,0],"13":[0,0],"14":[0],"15":[0],"16":[0],"17":[0],"18":[0,0]}}
,"C:\\Users\\Randolf S. Alngag Jr\\Downloads\\websys22_final-main\\backend\\src\\routes\\matches.ts": {"path":"C:\\Users\\Randolf S. Alngag Jr\\Downloads\\websys22_final-main\\backend\\src\\routes\\matches.ts","statementMap":{"0":{"start":{"line":2,"column":0},"end":{"line":2,"column":33}},"1":{"start":{"line":3,"column":0},"end":{"line":3,"column":38}},"2":{"start":{"line":4,"column":0},"end":{"line":4,"column":42}},"3":{"start":{"line":5,"column":0},"end":{"line":5,"column":50}},"4":{"start":{"line":6,"column":0},"end":{"line":6,"column":44}},"5":{"start":{"line":7,"column":0},"end":{"line":7,"column":46}},"6":{"start":{"line":9,"column":0},"end":{"line":9,"column":42}},"7":{"start":{"line":10,"column":0},"end":{"line":10,"column":40}},"8":{"start":{"line":11,"column":0},"end":{"line":11,"column":30}},"9":{"start":{"line":13,"column":15},"end":{"line":13,"column":23}},"10":{"start":{"line":15,"column":0},"end":{"line":15,"column":17}},"11":{"start":{"line":18,"column":0},"end":{"line":78,"column":3}},"12":{"start":{"line":18,"column":35},"end":{"line":78,"column":2}},"13":{"start":{"line":19,"column":2},"end":{"line":77,"column":3}},"14":{"start":{"line":20,"column":18},"end":{"line":20,"column":34}},"15":{"start":{"line":21,"column":19},"end":{"line":21,"column":26}},"16":{"start":{"line":24,"column":17},"end":{"line":24,"column":28}},"17":{"start":{"line":27,"column":4},"end":{"line":46,"column":5}},"18":{"start":{"line":29,"column":6},"end":{"line":35,"column":9}},"19":{"start":{"line":38,"column":6},"end":{"line":45,"column":9}},"20":{"start":{"line":48,"column":29},"end":{"line":71,"column":6}},"21":{"start":{"line":49,"column":6},"end":{"line":70,"column":7}},"22":{"start":{"line":51,"column":8},"end":{"line":57,"column":10}},"23":{"start":{"line":60,"column":26},"end":{"line":60,"column":79}},"24":{"start":{"line":61,"column":8},"end":{"line":69,"column":10}},"25":{"start":{"line":73,"column":4},"end":{"line":73,"column":31}},"26":{"start":{"line":75,"column":4},"end":{"line":75,"column":45}},"27":{"start":{"line":76,"column":4},"end":{"line":76,"column":92}},"28":{"start":{"line":81,"column":0},"end":{"line":110,"column":3}},"29":{"start":{"line":81,"column":47},"end":{"line":110,"column":2}},"30":{"start":{"line":82,"column":2},"end":{"line":109,"column":3}},"31":{"start":{"line":83,"column":17},"end":{"line":83,"column":46}},"32":{"start":{"line":84,"column":4},"end":{"line":84,"column":78}},"33":{"start":{"line":84,"column":21},"end":{"line":84,"column":78}},"34":{"start":{"line":86,"column":20},"end":{"line":92,"column":6}},"35":{"start":{"line":94,"column":19},"end":{"line":103,"column":6}},"36":{"start":{"line":95,"column":22},"end":{"line":95,"column":66}},"37":{"start":{"line":96,"column":6},"end":{"line":102,"column":8}},"38":{"start":{"line":105,"column":4},"end":{"line":105,"column":28}},"39":{"start":{"line":107,"column":4},"end":{"line":107,"column":52}},"40":{"start":{"line":108,"column":4},"end":{"line":108,"column":101}},"41":{"start":{"line":113,"column":0},"end":{"line":143,"column":3}},"42":{"start":{"line":113,"column":43},"end":{"line":143,"column":2}},"43":{"start":{"line":114,"column":2},"end":{"line":142,"column":3}},"44":{"start":{"line":115,"column":17},"end":{"line":115,"column":46}},"45":{"start":{"line":116,"column":4},"end":{"line":116,"column":78}},"46":{"start":{"line":116,"column":21},"end":{"line":116,"column":78}},"47":{"start":{"line":118,"column":22},"end":{"line":118,"column":93}},"48":{"start":{"line":119,"column":4},"end":{"line":119,"column":85}},"49":{"start":{"line":119,"column":20},"end":{"line":119,"column":85}},"50":{"start":{"line":121,"column":26},"end":{"line":121,"column":99}},"51":{"start":{"line":123,"column":23},"end":{"line":123,"column":117}},"52":{"start":{"line":123,"column":103},"end":{"line":123,"column":111}},"53":{"start":{"line":125,"column":20},"end":{"line":136,"column":80}},"54":{"start":{"line":126,"column":24},"end":{"line":126,"column":110}},"55":{"start":{"line":126,"column":96},"end":{"line":126,"column":104}},"56":{"start":{"line":127,"column":25},"end":{"line":127,"column":81}},"57":{"start":{"line":127,"column":50},"end":{"line":127,"column":73}},"58":{"start":{"line":128,"column":6},"end":{"line":135,"column":8}},"59":{"start":{"line":136,"column":19},"end":{"line":136,"column":35}},"60":{"start":{"line":136,"column":52},"end":{"line":136,"column":79}},"61":{"start":{"line":138,"column":4},"end":{"line":138,"column":22}},"62":{"start":{"line":140,"column":4},"end":{"line":140,"column":50}},"63":{"start":{"line":141,"column":4},"end":{"line":141,"column":102}},"64":{"start":{"line":146,"column":0},"end":{"line":175,"column":3}},"65":{"start":{"line":146,"column":38},"end":{"line":175,"column":2}},"66":{"start":{"line":147,"column":2},"end":{"line":174,"column":3}},"67":{"start":{"line":148,"column":15},"end":{"line":148,"column":42}},"68":{"start":{"line":149,"column":4},"end":{"line":149,"column":80}},"69":{"start":{"line":149,"column":19},"end":{"line":149,"column":80}},"70":{"start":{"line":151,"column":16},"end":{"line":154,"column":6}},"71":{"start":{"line":155,"column":4},"end":{"line":155,"column":76}},"72":{"start":{"line":155,"column":16},"end":{"line":155,"column":76}},"73":{"start":{"line":158,"column":4},"end":{"line":168,"column":5}},"74":{"start":{"line":159,"column":24},"end":{"line":159,"column":36}},"75":{"start":{"line":160,"column":6},"end":{"line":160,"column":30}},"76":{"start":{"line":161,"column":6},"end":{"line":161,"column":50}},"77":{"start":{"line":164,"column":6},"end":{"line":167,"column":9}},"78":{"start":{"line":170,"column":4},"end":{"line":170,"column":20}},"79":{"start":{"line":172,"column":4},"end":{"line":172,"column":43}},"80":{"start":{"line":173,"column":4},"end":{"line":173,"column":90}},"81":{"start":{"line":178,"column":0},"end":{"line":311,"column":3}},"82":{"start":{"line":178,"column":36},"end":{"line":311,"column":2}},"83":{"start":{"line":179,"column":2},"end":{"line":310,"column":3}},"84":{"start":{"line":180,"column":29},"end":{"line":180,"column":37}},"85":{"start":{"line":181,"column":18},"end":{"line":181,"column":34}},"86":{"start":{"line":182,"column":4},"end":{"line":182,"column":95}},"87":{"start":{"line":182,"column":26},"end":{"line":182,"column":95}},"88":{"start":{"line":184,"column":16},"end":{"line":184,"column":88}},"89":{"start":{"line":185,"column":4},"end":{"line":185,"column":81}},"90":{"start":{"line":185,"column":14},"end":{"line":185,"column":81}},"91":{"start":{"line":187,"column":16},"end":{"line":187,"column":88}},"92":{"start":{"line":188,"column":4},"end":{"line":188,"column":81}},"93":{"start":{"line":188,"column":14},"end":{"line":188,"column":81}},"94":{"start":{"line":191,"column":4},"end":{"line":193,"column":5}},"95":{"start":{"line":192,"column":6},"end":{"line":192,"column":89}},"96":{"start":{"line":196,"column":24},"end":{"line":202,"column":6}},"97":{"start":{"line":204,"column":4},"end":{"line":217,"column":5}},"98":{"start":{"line":206,"column":6},"end":{"line":210,"column":7}},"99":{"start":{"line":207,"column":26},"end":{"line":207,"column":38}},"100":{"start":{"line":208,"column":8},"end":{"line":208,"column":40}},"101":{"start":{"line":209,"column":8},"end":{"line":209,"column":52}},"102":{"start":{"line":212,"column":33},"end":{"line":215,"column":8}},"103":{"start":{"line":216,"column":6},"end":{"line":216,"column":54}},"104":{"start":{"line":220,"column":18},"end":{"line":220,"column":29}},"105":{"start":{"line":221,"column":4},"end":{"line":221,"column":20}},"106":{"start":{"line":222,"column":4},"end":{"line":222,"column":20}},"107":{"start":{"line":223,"column":4},"end":{"line":223,"column":22}},"108":{"start":{"line":224,"column":23},"end":{"line":224,"column":62}},"109":{"start":{"line":227,"column":19},"end":{"line":227,"column":31}},"110":{"start":{"line":228,"column":4},"end":{"line":228,"column":30}},"111":{"start":{"line":229,"column":24},"end":{"line":229,"column":64}},"112":{"start":{"line":232,"column":32},"end":{"line":232,"column":34}},"113":{"start":{"line":235,"column":33},"end":{"line":240,"column":6}},"114":{"start":{"line":242,"column":34},"end":{"line":247,"column":6}},"115":{"start":{"line":249,"column":31},"end":{"line":263,"column":6}},"116":{"start":{"line":266,"column":20},"end":{"line":266,"column":24}},"117":{"start":{"line":267,"column":23},"end":{"line":267,"column":60}},"118":{"start":{"line":268,"column":23},"end":{"line":268,"column":24}},"119":{"start":{"line":271,"column":23},"end":{"line":271,"column":36}},"120":{"start":{"line":272,"column":4},"end":{"line":272,"column":36}},"121":{"start":{"line":273,"column":4},"end":{"line":273,"column":31}},"122":{"start":{"line":274,"column":4},"end":{"line":274,"column":108}},"123":{"start":{"line":275,"column":5},"end":{"line":275,"column":67}},"124":{"start":{"line":276,"column":4},"end":{"line":276,"column":30}},"125":{"start":{"line":277,"column":4},"end":{"line":277,"column":19}},"126":{"start":{"line":280,"column":24},"end":{"line":280,"column":37}},"127":{"start":{"line":281,"column":4},"end":{"line":281,"column":37}},"128":{"start":{"line":282,"column":4},"end":{"line":282,"column":32}},"129":{"start":{"line":283,"column":4},"end":{"line":283,"column":111}},"130":{"start":{"line":284,"column":5},"end":{"line":284,"column":68}},"131":{"start":{"line":285,"column":4},"end":{"line":285,"column":31}},"132":{"start":{"line":286,"column":4},"end":{"line":286,"column":19}},"133":{"start":{"line":289,"column":4},"end":{"line":298,"column":5}},"134":{"start":{"line":290,"column":18},"end":{"line":290,"column":31}},"135":{"start":{"line":291,"column":6},"end":{"line":291,"column":31}},"136":{"start":{"line":292,"column":6},"end":{"line":292,"column":44}},"137":{"start":{"line":293,"column":6},"end":{"line":293,"column":99}},"138":{"start":{"line":294,"column":7},"end":{"line":294,"column":62}},"139":{"start":{"line":295,"column":6},"end":{"line":295,"column":25}},"140":{"start":{"line":296,"column":6},"end":{"line":296,"column":29}},"141":{"start":{"line":297,"column":6},"end":{"line":297,"column":21}},"142":{"start":{"line":299,"column":4},"end":{"line":299,"column":47}},"143":{"start":{"line":301,"column":17},"end":{"line":304,"column":6}},"144":{"start":{"line":306,"column":4},"end":{"line":306,"column":31}},"145":{"start":{"line":308,"column":4},"end":{"line":308,"column":50}},"146":{"start":{"line":309,"column":4},"end":{"line":309,"column":95}},"147":{"start":{"line":314,"column":0},"end":{"line":338,"column":3}},"148":{"start":{"line":314,"column":41},"end":{"line":338,"column":2}},"149":{"start":{"line":315,"column":2},"end":{"line":337,"column":3}},"150":{"start":{"line":316,"column":15},"end":{"line":316,"column":42}},"151":{"start":{"line":317,"column":4},"end":{"line":317,"column":80}},"152":{"start":{"line":317,"column":19},"end":{"line":317,"column":80}},"153":{"start":{"line":319,"column":18},"end":{"line":322,"column":6}},"154":{"start":{"line":323,"column":4},"end":{"line":323,"column":76}},"155":{"start":{"line":323,"column":16},"end":{"line":323,"column":76}},"156":{"start":{"line":325,"column":4},"end":{"line":330,"column":5}},"157":{"start":{"line":326,"column":6},"end":{"line":329,"column":7}},"158":{"start":{"line":327,"column":8},"end":{"line":327,"column":83}},"159":{"start":{"line":328,"column":8},"end":{"line":328,"column":70}},"160":{"start":{"line":332,"column":4},"end":{"line":332,"column":54}},"161":{"start":{"line":333,"column":4},"end":{"line":333,"column":56}},"162":{"start":{"line":335,"column":4},"end":{"line":335,"column":46}},"163":{"start":{"line":336,"column":4},"end":{"line":336,"column":93}},"164":{"start":{"line":340,"column":0},"end":{"line":340,"column":22}}},"fnMap":{"0":{"name":"(anonymous_7)","decl":{"start":{"line":18,"column":16},"end":{"line":18,"column":23}},"loc":{"start":{"line":18,"column":35},"end":{"line":78,"column":2}}},"1":{"name":"(anonymous_8)","decl":{"start":{"line":18,"column":35},"end":{"line":18,"column":null}},"loc":{"start":{"line":18,"column":35},"end":{"line":78,"column":1}}},"2":{"name":"(anonymous_9)","decl":{"start":{"line":48,"column":41},"end":{"line":48,"column":46}},"loc":{"start":{"line":48,"column":49},"end":{"line":71,"column":5}}},"3":{"name":"(anonymous_10)","decl":{"start":{"line":81,"column":28},"end":{"line":81,"column":35}},"loc":{"start":{"line":81,"column":47},"end":{"line":110,"column":2}}},"4":{"name":"(anonymous_11)","decl":{"start":{"line":81,"column":47},"end":{"line":81,"column":null}},"loc":{"start":{"line":81,"column":47},"end":{"line":110,"column":1}}},"5":{"name":"(anonymous_12)","decl":{"start":{"line":94,"column":31},"end":{"line":94,"column":32}},"loc":{"start":{"line":94,"column":35},"end":{"line":103,"column":5}}},"6":{"name":"(anonymous_13)","decl":{"start":{"line":113,"column":24},"end":{"line":113,"column":31}},"loc":{"start":{"line":113,"column":43},"end":{"line":143,"column":2}}},"7":{"name":"(anonymous_14)","decl":{"start":{"line":113,"column":43},"end":{"line":113,"column":null}},"loc":{"start":{"line":113,"column":43},"end":{"line":143,"column":1}}},"8":{"name":"(anonymous_15)","decl":{"start":{"line":123,"column":98},"end":{"line":123,"column":99}},"loc":{"start":{"line":123,"column":103},"end":{"line":123,"column":111}}},"9":{"name":"(anonymous_16)","decl":{"start":{"line":125,"column":38},"end":{"line":125,"column":43}},"loc":{"start":{"line":125,"column":46},"end":{"line":136,"column":5}}},"10":{"name":"(anonymous_17)","decl":{"start":{"line":126,"column":91},"end":{"line":126,"column":92}},"loc":{"start":{"line":126,"column":96},"end":{"line":126,"column":104}}},"11":{"name":"(anonymous_18)","decl":{"start":{"line":127,"column":43},"end":{"line":127,"column":46}},"loc":{"start":{"line":127,"column":50},"end":{"line":127,"column":73}}},"12":{"name":"(anonymous_19)","decl":{"start":{"line":136,"column":14},"end":{"line":136,"column":15}},"loc":{"start":{"line":136,"column":19},"end":{"line":136,"column":35}}},"13":{"name":"(anonymous_20)","decl":{"start":{"line":136,"column":42},"end":{"line":136,"column":43}},"loc":{"start":{"line":136,"column":52},"end":{"line":136,"column":79}}},"14":{"name":"(anonymous_21)","decl":{"start":{"line":146,"column":19},"end":{"line":146,"column":26}},"loc":{"start":{"line":146,"column":38},"end":{"line":175,"column":2}}},"15":{"name":"(anonymous_22)","decl":{"start":{"line":146,"column":38},"end":{"line":146,"column":null}},"loc":{"start":{"line":146,"column":38},"end":{"line":175,"column":1}}},"16":{"name":"(anonymous_23)","decl":{"start":{"line":178,"column":17},"end":{"line":178,"column":24}},"loc":{"start":{"line":178,"column":36},"end":{"line":311,"column":2}}},"17":{"name":"(anonymous_24)","decl":{"start":{"line":178,"column":36},"end":{"line":178,"column":null}},"loc":{"start":{"line":178,"column":36},"end":{"line":311,"column":1}}},"18":{"name":"(anonymous_25)","decl":{"start":{"line":314,"column":22},"end":{"line":314,"column":29}},"loc":{"start":{"line":314,"column":41},"end":{"line":338,"column":2}}},"19":{"name":"(anonymous_26)","decl":{"start":{"line":314,"column":41},"end":{"line":314,"column":null}},"loc":{"start":{"line":314,"column":41},"end":{"line":338,"column":1}}}},"branchMap":{"0":{"loc":{"start":{"line":27,"column":4},"end":{"line":46,"column":5}},"type":"if","locations":[{"start":{"line":27,"column":4},"end":{"line":46,"column":5}},{"start":{"line":36,"column":11},"end":{"line":46,"column":5}}]},"1":{"loc":{"start":{"line":49,"column":6},"end":{"line":70,"column":7}},"type":"if","locations":[{"start":{"line":49,"column":6},"end":{"line":70,"column":7}},{"start":{"line":58,"column":13},"end":{"line":70,"column":7}}]},"2":{"loc":{"start":{"line":53,"column":20},"end":{"line":53,"column":50}},"type":"cond-expr","locations":[{"start":{"line":53,"column":42},"end":{"line":53,"column":46}},{"start":{"line":53,"column":46},"end":{"line":53,"column":50}}]},"3":{"loc":{"start":{"line":53,"column":20},"end":{"line":53,"column":46}},"type":"binary-expr","locations":[{"start":{"line":53,"column":20},"end":{"line":53,"column":46}},{"start":{"line":53,"column":42},"end":{"line":53,"column":46}}]},"4":{"loc":{"start":{"line":53,"column":20},"end":{"line":53,"column":42}},"type":"cond-expr","locations":[{"start":{"line":53,"column":38},"end":{"line":53,"column":40}},{"start":{"line":53,"column":38},"end":{"line":53,"column":42}}]},"5":{"loc":{"start":{"line":53,"column":20},"end":{"line":53,"column":40}},"type":"binary-expr","locations":[{"start":{"line":53,"column":20},"end":{"line":53,"column":40}},{"start":{"line":53,"column":38},"end":{"line":53,"column":40}}]},"6":{"loc":{"start":{"line":53,"column":20},"end":{"line":53,"column":38}},"type":"cond-expr","locations":[{"start":{"line":53,"column":33},"end":{"line":53,"column":36}},{"start":{"line":53,"column":33},"end":{"line":53,"column":38}}]},"7":{"loc":{"start":{"line":53,"column":20},"end":{"line":53,"column":36}},"type":"binary-expr","locations":[{"start":{"line":53,"column":20},"end":{"line":53,"column":36}},{"start":{"line":53,"column":33},"end":{"line":53,"column":36}}]},"8":{"loc":{"start":{"line":60,"column":26},"end":{"line":60,"column":79}},"type":"cond-expr","locations":[{"start":{"line":60,"column":58},"end":{"line":60,"column":67}},{"start":{"line":60,"column":70},"end":{"line":60,"column":79}}]},"9":{"loc":{"start":{"line":60,"column":26},"end":{"line":60,"column":44}},"type":"cond-expr","locations":[{"start":{"line":60,"column":40},"end":{"line":60,"column":42}},{"start":{"line":60,"column":40},"end":{"line":60,"column":44}}]},"10":{"loc":{"start":{"line":60,"column":26},"end":{"line":60,"column":42}},"type":"binary-expr","locations":[{"start":{"line":60,"column":26},"end":{"line":60,"column":42}},{"start":{"line":60,"column":40},"end":{"line":60,"column":42}}]},"11":{"loc":{"start":{"line":63,"column":20},"end":{"line":63,"column":50}},"type":"cond-expr","locations":[{"start":{"line":63,"column":42},"end":{"line":63,"column":46}},{"start":{"line":63,"column":46},"end":{"line":63,"column":50}}]},"12":{"loc":{"start":{"line":63,"column":20},"end":{"line":63,"column":46}},"type":"binary-expr","locations":[{"start":{"line":63,"column":20},"end":{"line":63,"column":46}},{"start":{"line":63,"column":42},"end":{"line":63,"column":46}}]},"13":{"loc":{"start":{"line":63,"column":20},"end":{"line":63,"column":42}},"type":"cond-expr","locations":[{"start":{"line":63,"column":38},"end":{"line":63,"column":40}},{"start":{"line":63,"column":38},"end":{"line":63,"column":42}}]},"14":{"loc":{"start":{"line":63,"column":20},"end":{"line":63,"column":40}},"type":"binary-expr","locations":[{"start":{"line":63,"column":20},"end":{"line":63,"column":40}},{"start":{"line":63,"column":38},"end":{"line":63,"column":40}}]},"15":{"loc":{"start":{"line":63,"column":20},"end":{"line":63,"column":38}},"type":"cond-expr","locations":[{"start":{"line":63,"column":33},"end":{"line":63,"column":36}},{"start":{"line":63,"column":33},"end":{"line":63,"column":38}}]},"16":{"loc":{"start":{"line":63,"column":20},"end":{"line":63,"column":36}},"type":"binary-expr","locations":[{"start":{"line":63,"column":20},"end":{"line":63,"column":36}},{"start":{"line":63,"column":33},"end":{"line":63,"column":36}}]},"17":{"loc":{"start":{"line":84,"column":4},"end":{"line":84,"column":78}},"type":"if","locations":[{"start":{"line":84,"column":4},"end":{"line":84,"column":78}}]},"18":{"loc":{"start":{"line":95,"column":22},"end":{"line":95,"column":66}},"type":"cond-expr","locations":[{"start":{"line":95,"column":53},"end":{"line":95,"column":58}},{"start":{"line":95,"column":61},"end":{"line":95,"column":66}}]},"19":{"loc":{"start":{"line":95,"column":23},"end":{"line":95,"column":49}},"type":"binary-expr","locations":[{"start":{"line":95,"column":23},"end":{"line":95,"column":28}},{"start":{"line":95,"column":32},"end":{"line":95,"column":49}}]},"20":{"loc":{"start":{"line":101,"column":18},"end":{"line":101,"column":44}},"type":"cond-expr","locations":[{"start":{"line":101,"column":36},"end":{"line":101,"column":40}},{"start":{"line":101,"column":40},"end":{"line":101,"column":44}}]},"21":{"loc":{"start":{"line":101,"column":18},"end":{"line":101,"column":40}},"type":"binary-expr","locations":[{"start":{"line":101,"column":18},"end":{"line":101,"column":40}},{"start":{"line":101,"column":36},"end":{"line":101,"column":40}}]},"22":{"loc":{"start":{"line":101,"column":18},"end":{"line":101,"column":36}},"type":"cond-expr","locations":[{"start":{"line":101,"column":32},"end":{"line":101,"column":34}},{"start":{"line":101,"column":32},"end":{"line":101,"column":36}}]},"23":{"loc":{"start":{"line":101,"column":18},"end":{"line":101,"column":34}},"type":"binary-expr","locations":[{"start":{"line":101,"column":18},"end":{"line":101,"column":34}},{"start":{"line":101,"column":32},"end":{"line":101,"column":34}}]},"24":{"loc":{"start":{"line":101,"column":18},"end":{"line":101,"column":32}},"type":"cond-expr","locations":[{"start":{"line":101,"column":27},"end":{"line":101,"column":30}},{"start":{"line":101,"column":27},"end":{"line":101,"column":32}}]},"25":{"loc":{"start":{"line":101,"column":18},"end":{"line":101,"column":30}},"type":"binary-expr","locations":[{"start":{"line":101,"column":18},"end":{"line":101,"column":30}},{"start":{"line":101,"column":27},"end":{"line":101,"column":30}}]},"26":{"loc":{"start":{"line":116,"column":4},"end":{"line":116,"column":78}},"type":"if","locations":[{"start":{"line":116,"column":4},"end":{"line":116,"column":78}}]},"27":{"loc":{"start":{"line":119,"column":4},"end":{"line":119,"column":85}},"type":"if","locations":[{"start":{"line":119,"column":4},"end":{"line":119,"column":85}}]},"28":{"loc":{"start":{"line":123,"column":23},"end":{"line":123,"column":117}},"type":"cond-expr","locations":[{"start":{"line":123,"column":54},"end":{"line":123,"column":112}},{"start":{"line":123,"column":115},"end":{"line":123,"column":117}}]},"29":{"loc":{"start":{"line":126,"column":24},"end":{"line":126,"column":110}},"type":"cond-expr","locations":[{"start":{"line":126,"column":51},"end":{"line":126,"column":105}},{"start":{"line":126,"column":108},"end":{"line":126,"column":110}}]},"30":{"loc":{"start":{"line":149,"column":4},"end":{"line":149,"column":80}},"type":"if","locations":[{"start":{"line":149,"column":4},"end":{"line":149,"column":80}}]},"31":{"loc":{"start":{"line":155,"column":4},"end":{"line":155,"column":76}},"type":"if","locations":[{"start":{"line":155,"column":4},"end":{"line":155,"column":76}}]},"32":{"loc":{"start":{"line":158,"column":4},"end":{"line":168,"column":5}},"type":"if","locations":[{"start":{"line":158,"column":4},"end":{"line":168,"column":5}}]},"33":{"loc":{"start":{"line":158,"column":8},"end":{"line":158,"column":52}},"type":"binary-expr","locations":[{"start":{"line":158,"column":8},"end":{"line":158,"column":22}},{"start":{"line":158,"column":26},"end":{"line":158,"column":52}}]},"34":{"loc":{"start":{"line":182,"column":4},"end":{"line":182,"column":95}},"type":"if","locations":[{"start":{"line":182,"column":4},"end":{"line":182,"column":95}}]},"35":{"loc":{"start":{"line":182,"column":8},"end":{"line":182,"column":24}},"type":"binary-expr","locations":[{"start":{"line":182,"column":8},"end":{"line":182,"column":14}},{"start":{"line":182,"column":18},"end":{"line":182,"column":24}}]},"36":{"loc":{"start":{"line":185,"column":4},"end":{"line":185,"column":81}},"type":"if","locations":[{"start":{"line":185,"column":4},"end":{"line":185,"column":81}}]},"37":{"loc":{"start":{"line":188,"column":4},"end":{"line":188,"column":81}},"type":"if","locations":[{"start":{"line":188,"column":4},"end":{"line":188,"column":81}}]},"38":{"loc":{"start":{"line":191,"column":4},"end":{"line":193,"column":5}},"type":"if","locations":[{"start":{"line":191,"column":4},"end":{"line":193,"column":5}}]},"39":{"loc":{"start":{"line":204,"column":4},"end":{"line":217,"column":5}},"type":"if","locations":[{"start":{"line":204,"column":4},"end":{"line":217,"column":5}}]},"40":{"loc":{"start":{"line":206,"column":6},"end":{"line":210,"column":7}},"type":"if","locations":[{"start":{"line":206,"column":6},"end":{"line":210,"column":7}}]},"41":{"loc":{"start":{"line":206,"column":10},"end":{"line":206,"column":70}},"type":"binary-expr","locations":[{"start":{"line":206,"column":10},"end":{"line":206,"column":32}},{"start":{"line":206,"column":36},"end":{"line":206,"column":70}}]},"42":{"loc":{"start":{"line":250,"column":24},"end":{"line":250,"column":78}},"type":"binary-expr","locations":[{"start":{"line":250,"column":24},"end":{"line":250,"column":35}},{"start":{"line":250,"column":39},"end":{"line":250,"column":78}}]},"43":{"loc":{"start":{"line":292,"column":22},"end":{"line":292,"column":43}},"type":"cond-expr","locations":[{"start":{"line":292,"column":34},"end":{"line":292,"column":37}},{"start":{"line":292,"column":40},"end":{"line":292,"column":43}}]},"44":{"loc":{"start":{"line":317,"column":4},"end":{"line":317,"column":80}},"type":"if","locations":[{"start":{"line":317,"column":4},"end":{"line":317,"column":80}}]},"45":{"loc":{"start":{"line":323,"column":4},"end":{"line":323,"column":76}},"type":"if","locations":[{"start":{"line":323,"column":4},"end":{"line":323,"column":76}}]},"46":{"loc":{"start":{"line":325,"column":4},"end":{"line":330,"column":5}},"type":"if","locations":[{"start":{"line":325,"column":4},"end":{"line":330,"column":5}}]}},"s":{"0":0,"1":0,"2":0,"3":0,"4":0,"5":0,"6":0,"7":0,"8":0,"9":0,"10":0,"11":0,"12":0,"13":0,"14":0,"15":0,"16":0,"17":0,"18":0,"19":0,"20":0,"21":0,"22":0,"23":0,"24":0,"25":0,"26":0,"27":0,"28":0,"29":0,"30":0,"31":0,"32":0,"33":0,"34":0,"35":0,"36":0,"37":0,"38":0,"39":0,"40":0,"41":0,"42":0,"43":0,"44":0,"45":0,"46":0,"47":0,"48":0,"49":0,"50":0,"51":0,"52":0,"53":0,"54":0,"55":0,"56":0,"57":0,"58":0,"59":0,"60":0,"61":0,"62":0,"63":0,"64":0,"65":0,"66":0,"67":0,"68":0,"69":0,"70":0,"71":0,"72":0,"73":0,"74":0,"75":0,"76":0,"77":0,"78":0,"79":0,"80":0,"81":0,"82":0,"83":0,"84":0,"85":0,"86":0,"87":0,"88":0,"89":0,"90":0,"91":0,"92":0,"93":0,"94":0,"95":0,"96":0,"97":0,"98":0,"99":0,"100":0,"101":0,"102":0,"103":0,"104":0,"105":0,"106":0,"107":0,"108":0,"109":0,"110":0,"111":0,"112":0,"113":0,"114":0,"115":0,"116":0,"117":0,"118":0,"119":0,"120":0,"121":0,"122":0,"123":0,"124":0,"125":0,"126":0,"127":0,"128":0,"129":0,"130":0,"131":0,"132":0,"133":0,"134":0,"135":0,"136":0,"137":0,"138":0,"139":0,"140":0,"141":0,"142":0,"143":0,"144":0,"145":0,"146":0,"147":0,"148":0,"149":0,"150":0,"151":0,"152":0,"153":0,"154":0,"155":0,"156":0,"157":0,"158":0,"159":0,"160":0,"161":0,"162":0,"163":0,"164":0},"f":{"0":0,"1":0,"2":0,"3":0,"4":0,"5":0,"6":0,"7":0,"8":0,"9":0,"10":0,"11":0,"12":0,"13":0,"14":0,"15":0,"16":0,"17":0,"18":0,"19":0},"b":{"0":[0,0],"1":[0,0],"2":[0,0],"3":[0,0],"4":[0,0],"5":[0,0],"6":[0,0],"7":[0,0],"8":[0,0],"9":[0,0],"10":[0,0],"11":[0,0],"12":[0,0],"13":[0,0],"14":[0,0],"15":[0,0],"16":[0,0],"17":[0],"18":[0,0],"19":[0,0],"20":[0,0],"21":[0,0],"22":[0,0],"23":[0,0],"24":[0,0],"25":[0,0],"26":[0],"27":[0],"28":[0,0],"29":[0,0],"30":[0],"31":[0],"32":[0],"33":[0,0],"34":[0],"35":[0,0],"36":[0],"37":[0],"38":[0],"39":[0],"40":[0],"41":[0,0],"42":[0,0],"43":[0,0],"44":[0],"45":[0],"46":[0]}}
,"C:\\Users\\Randolf S. Alngag Jr\\Downloads\\websys22_final-main\\backend\\src\\routes\\messages.ts": {"path":"C:\\Users\\Randolf S. Alngag Jr\\Downloads\\websys22_final-main\\backend\\src\\routes\\messages.ts","statementMap":{"0":{"start":{"line":2,"column":0},"end":{"line":2,"column":33}},"1":{"start":{"line":3,"column":0},"end":{"line":3,"column":38}},"2":{"start":{"line":4,"column":0},"end":{"line":4,"column":46}},"3":{"start":{"line":7,"column":0},"end":{"line":7,"column":42}},"4":{"start":{"line":9,"column":15},"end":{"line":9,"column":23}},"5":{"start":{"line":11,"column":0},"end":{"line":11,"column":17}},"6":{"start":{"line":14,"column":0},"end":{"line":31,"column":3}},"7":{"start":{"line":14,"column":44},"end":{"line":31,"column":2}},"8":{"start":{"line":15,"column":2},"end":{"line":30,"column":3}},"9":{"start":{"line":16,"column":21},"end":{"line":16,"column":54}},"10":{"start":{"line":17,"column":4},"end":{"line":17,"column":86}},"11":{"start":{"line":17,"column":25},"end":{"line":17,"column":86}},"12":{"start":{"line":19,"column":21},"end":{"line":24,"column":6}},"13":{"start":{"line":26,"column":4},"end":{"line":26,"column":23}},"14":{"start":{"line":28,"column":4},"end":{"line":28,"column":46}},"15":{"start":{"line":29,"column":4},"end":{"line":29,"column":95}},"16":{"start":{"line":34,"column":0},"end":{"line":49,"column":3}},"17":{"start":{"line":34,"column":45},"end":{"line":49,"column":2}},"18":{"start":{"line":35,"column":2},"end":{"line":48,"column":3}},"19":{"start":{"line":36,"column":21},"end":{"line":36,"column":54}},"20":{"start":{"line":37,"column":4},"end":{"line":37,"column":86}},"21":{"start":{"line":37,"column":25},"end":{"line":37,"column":86}},"22":{"start":{"line":39,"column":29},"end":{"line":39,"column":37}},"23":{"start":{"line":40,"column":4},"end":{"line":40,"column":92}},"24":{"start":{"line":40,"column":23},"end":{"line":40,"column":92}},"25":{"start":{"line":44,"column":4},"end":{"line":44,"column":114}},"26":{"start":{"line":46,"column":4},"end":{"line":46,"column":46}},"27":{"start":{"line":47,"column":4},"end":{"line":47,"column":93}},"28":{"start":{"line":51,"column":0},"end":{"line":51,"column":22}}},"fnMap":{"0":{"name":"(anonymous_7)","decl":{"start":{"line":14,"column":25},"end":{"line":14,"column":32}},"loc":{"start":{"line":14,"column":44},"end":{"line":31,"column":2}}},"1":{"name":"(anonymous_8)","decl":{"start":{"line":14,"column":44},"end":{"line":14,"column":null}},"loc":{"start":{"line":14,"column":44},"end":{"line":31,"column":1}}},"2":{"name":"(anonymous_9)","decl":{"start":{"line":34,"column":26},"end":{"line":34,"column":33}},"loc":{"start":{"line":34,"column":45},"end":{"line":49,"column":2}}},"3":{"name":"(anonymous_10)","decl":{"start":{"line":34,"column":45},"end":{"line":34,"column":null}},"loc":{"start":{"line":34,"column":45},"end":{"line":49,"column":1}}}},"branchMap":{"0":{"loc":{"start":{"line":17,"column":4},"end":{"line":17,"column":86}},"type":"if","locations":[{"start":{"line":17,"column":4},"end":{"line":17,"column":86}}]},"1":{"loc":{"start":{"line":37,"column":4},"end":{"line":37,"column":86}},"type":"if","locations":[{"start":{"line":37,"column":4},"end":{"line":37,"column":86}}]},"2":{"loc":{"start":{"line":40,"column":4},"end":{"line":40,"column":92}},"type":"if","locations":[{"start":{"line":40,"column":4},"end":{"line":40,"column":92}}]}},"s":{"0":0,"1":0,"2":0,"3":0,"4":0,"5":0,"6":0,"7":0,"8":0,"9":0,"10":0,"11":0,"12":0,"13":0,"14":0,"15":0,"16":0,"17":0,"18":0,"19":0,"20":0,"21":0,"22":0,"23":0,"24":0,"25":0,"26":0,"27":0,"28":0},"f":{"0":0,"1":0,"2":0,"3":0},"b":{"0":[0],"1":[0],"2":[0]}}
,"C:\\Users\\Randolf S. Alngag Jr\\Downloads\\websys22_final-main\\backend\\src\\routes\\threads.ts": {"path":"C:\\Users\\Randolf S. Alngag Jr\\Downloads\\websys22_final-main\\backend\\src\\routes\\threads.ts","statementMap":{"0":{"start":{"line":2,"column":0},"end":{"line":2,"column":33}},"1":{"start":{"line":3,"column":0},"end":{"line":3,"column":38}},"2":{"start":{"line":4,"column":0},"end":{"line":4,"column":44}},"3":{"start":{"line":5,"column":0},"end":{"line":5,"column":42}},"4":{"start":{"line":6,"column":0},"end":{"line":6,"column":42}},"5":{"start":{"line":8,"column":15},"end":{"line":8,"column":23}},"6":{"start":{"line":11,"column":0},"end":{"line":11,"column":17}},"7":{"start":{"line":14,"column":0},"end":{"line":31,"column":3}},"8":{"start":{"line":14,"column":36},"end":{"line":31,"column":2}},"9":{"start":{"line":15,"column":2},"end":{"line":30,"column":3}},"10":{"start":{"line":16,"column":24},"end":{"line":16,"column":32}},"11":{"start":{"line":17,"column":4},"end":{"line":17,"column":82}},"12":{"start":{"line":17,"column":18},"end":{"line":17,"column":82}},"13":{"start":{"line":19,"column":24},"end":{"line":19,"column":94}},"14":{"start":{"line":20,"column":4},"end":{"line":20,"column":82}},"15":{"start":{"line":20,"column":22},"end":{"line":20,"column":82}},"16":{"start":{"line":22,"column":19},"end":{"line":22,"column":31}},"17":{"start":{"line":23,"column":4},"end":{"line":23,"column":31}},"18":{"start":{"line":24,"column":4},"end":{"line":24,"column":45}},"19":{"start":{"line":26,"column":4},"end":{"line":26,"column":84}},"20":{"start":{"line":28,"column":4},"end":{"line":28,"column":47}},"21":{"start":{"line":29,"column":4},"end":{"line":29,"column":98}},"22":{"start":{"line":33,"column":0},"end":{"line":33,"column":22}}},"fnMap":{"0":{"name":"(anonymous_7)","decl":{"start":{"line":14,"column":17},"end":{"line":14,"column":24}},"loc":{"start":{"line":14,"column":36},"end":{"line":31,"column":2}}},"1":{"name":"(anonymous_8)","decl":{"start":{"line":14,"column":36},"end":{"line":14,"column":null}},"loc":{"start":{"line":14,"column":36},"end":{"line":31,"column":1}}}},"branchMap":{"0":{"loc":{"start":{"line":17,"column":4},"end":{"line":17,"column":82}},"type":"if","locations":[{"start":{"line":17,"column":4},"end":{"line":17,"column":82}}]},"1":{"loc":{"start":{"line":20,"column":4},"end":{"line":20,"column":82}},"type":"if","locations":[{"start":{"line":20,"column":4},"end":{"line":20,"column":82}}]}},"s":{"0":0,"1":0,"2":0,"3":0,"4":0,"5":0,"6":0,"7":0,"8":0,"9":0,"10":0,"11":0,"12":0,"13":0,"14":0,"15":0,"16":0,"17":0,"18":0,"19":0,"20":0,"21":0,"22":0},"f":{"0":0,"1":0},"b":{"0":[0],"1":[0]}}
}
