TN:
SF:src\passport.ts
FN:14,(anonymous_8)
FN:14,(anonymous_9)
FN:39,(anonymous_10)
FN:39,(anonymous_11)
FN:62,(anonymous_12)
FN:68,(anonymous_13)
FN:68,(anonymous_14)
FNF:7
FNH:0
FNDA:0,(anonymous_8)
FNDA:0,(anonymous_9)
FNDA:0,(anonymous_10)
FNDA:0,(anonymous_11)
FNDA:0,(anonymous_12)
FNDA:0,(anonymous_13)
FNDA:0,(anonymous_14)
DA:1,0
DA:2,0
DA:3,0
DA:4,0
DA:5,0
DA:6,0
DA:8,0
DA:11,0
DA:14,0
DA:15,0
DA:16,0
DA:17,0
DA:18,0
DA:19,0
DA:20,0
DA:21,0
DA:23,0
DA:24,0
DA:25,0
DA:26,0
DA:28,0
DA:30,0
DA:31,0
DA:36,0
DA:39,0
DA:40,0
DA:41,0
DA:42,0
DA:43,0
DA:46,0
DA:47,0
DA:48,0
DA:52,0
DA:53,0
DA:55,0
DA:57,0
DA:58,0
DA:62,0
DA:64,0
DA:65,0
DA:68,0
DA:69,0
DA:70,0
DA:71,0
DA:72,0
DA:73,0
DA:74,0
DA:75,0
DA:77,0
DA:80,0
DA:84,0
LF:51
LH:0
BRDA:19,0,0,0
BRDA:19,0,1,0
BRDA:20,1,0,0
BRDA:25,2,0,0
BRDA:46,3,0,0
BRDA:46,3,1,0
BRDA:47,4,0,0
BRDA:52,5,0,0
BRDA:64,6,0,0
BRDA:64,6,1,0
BRDA:70,7,0,0
BRDA:70,7,1,0
BRDA:73,8,0,0
BRDA:73,8,1,0
BRF:14
BRH:0
end_of_record
TN:
SF:src\seed.ts
FN:11,seed
FN:44,(anonymous_19)
FN:45,(anonymous_20)
FN:46,(anonymous_21)
FNF:4
FNH:0
FNDA:0,seed
FNDA:0,(anonymous_19)
FNDA:0,(anonymous_20)
FNDA:0,(anonymous_21)
DA:2,0
DA:3,0
DA:4,0
DA:8,0
DA:9,0
DA:12,0
DA:15,0
DA:16,0
DA:17,0
DA:18,0
DA:19,0
DA:20,0
DA:21,0
DA:22,0
DA:23,0
DA:25,0
DA:29,0
DA:30,0
DA:31,0
DA:32,0
DA:33,0
DA:34,0
DA:35,0
DA:36,0
DA:37,0
DA:38,0
DA:39,0
DA:40,0
DA:44,0
DA:45,0
DA:46,0
DA:49,0
DA:50,0
DA:51,0
DA:52,0
DA:53,0
DA:54,0
DA:55,0
DA:59,0
DA:60,0
DA:61,0
DA:62,0
DA:65,0
DA:66,0
DA:98,0
DA:99,0
DA:100,0
DA:101,0
DA:102,0
DA:103,0
DA:108,0
DA:112,0
DA:145,0
DA:146,0
DA:147,0
DA:148,0
DA:151,0
DA:152,0
DA:153,0
DA:154,0
DA:155,0
DA:156,0
DA:157,0
DA:162,0
DA:163,0
DA:166,0
LF:66
LH:0
BRDA:16,0,0,0
BRDA:16,0,1,0
BRDA:101,1,0,0
BRDA:101,1,1,0
BRDA:146,2,0,0
BRDA:146,3,0,0
BRDA:146,3,1,0
BRDA:148,4,0,0
BRDA:148,4,1,0
BRDA:148,5,0,0
BRDA:148,5,1,0
BRDA:148,6,0,0
BRDA:148,6,1,0
BRDA:155,7,0,0
BRDA:155,7,1,0
BRF:15
BRH:0
end_of_record
TN:
SF:src\entities\AIProfile.ts
FN:30,(anonymous_2)
FN:30,(anonymous_3)
FN:34,(anonymous_4)
FN:34,(anonymous_5)
FN:37,(anonymous_6)
FN:37,(anonymous_7)
FN:40,(anonymous_8)
FN:40,(anonymous_9)
FNF:8
FNH:0
FNDA:0,(anonymous_2)
FNDA:0,(anonymous_3)
FNDA:0,(anonymous_4)
FNDA:0,(anonymous_5)
FNDA:0,(anonymous_6)
FNDA:0,(anonymous_7)
FNDA:0,(anonymous_8)
FNDA:0,(anonymous_9)
DA:1,0
DA:2,0
DA:3,0
DA:4,0
DA:7,0
DA:9,0
DA:12,0
DA:15,0
DA:18,0
DA:21,0
DA:24,0
DA:27,0
DA:30,0
DA:32,0
DA:34,0
DA:35,0
DA:37,0
DA:38,0
DA:40,0
DA:41,0
LF:20
LH:0
BRF:0
BRH:0
end_of_record
TN:
SF:src\entities\Match.ts
FN:11,(anonymous_2)
FN:15,(anonymous_3)
FN:19,(anonymous_4)
FN:23,(anonymous_5)
FN:23,(anonymous_6)
FNF:5
FNH:0
FNDA:0,(anonymous_2)
FNDA:0,(anonymous_3)
FNDA:0,(anonymous_4)
FNDA:0,(anonymous_5)
FNDA:0,(anonymous_6)
DA:1,0
DA:2,0
DA:3,0
DA:4,0
DA:7,0
DA:9,0
DA:11,0
DA:13,0
DA:15,0
DA:17,0
DA:19,0
DA:21,0
DA:23,0
DA:24,0
LF:14
LH:0
BRF:0
BRH:0
end_of_record
TN:
SF:src\entities\Message.ts
FN:18,(anonymous_2)
FN:18,(anonymous_3)
FN:23,(anonymous_4)
FN:23,(anonymous_5)
FN:32,(anonymous_6)
FNF:5
FNH:0
FNDA:0,(anonymous_2)
FNDA:0,(anonymous_3)
FNDA:0,(anonymous_4)
FNDA:0,(anonymous_5)
FNDA:0,(anonymous_6)
DA:2,0
DA:9,0
DA:10,0
DA:13,0
DA:15,0
DA:18,0
DA:20,0
DA:23,0
DA:25,0
DA:29,0
DA:32,0
DA:33,0
LF:12
LH:0
BRF:0
BRH:0
end_of_record
TN:
SF:src\entities\Thread.ts
FN:12,(anonymous_2)
FN:12,(anonymous_3)
FN:17,(anonymous_4)
FN:17,(anonymous_5)
FNF:4
FNH:0
FNDA:0,(anonymous_2)
FNDA:0,(anonymous_3)
FNDA:0,(anonymous_4)
FNDA:0,(anonymous_5)
DA:2,0
DA:3,0
DA:4,0
DA:7,0
DA:9,0
DA:12,0
DA:14,0
DA:17,0
DA:18,0
LF:9
LH:0
BRF:0
BRH:0
end_of_record
TN:
SF:src\entities\User.ts
FN:22,(anonymous_2)
FN:22,(anonymous_3)
FN:26,(anonymous_4)
FN:26,(anonymous_5)
FNF:4
FNH:0
FNDA:0,(anonymous_2)
FNDA:0,(anonymous_3)
FNDA:0,(anonymous_4)
FNDA:0,(anonymous_5)
DA:2,0
DA:3,0
DA:4,0
DA:8,0
DA:10,0
DA:13,0
DA:16,0
DA:19,0
DA:22,0
DA:23,0
DA:26,0
DA:27,0
LF:12
LH:0
BRF:0
BRH:0
end_of_record
TN:
SF:src\middleware\auth.ts
FN:10,(anonymous_8)
FN:10,(anonymous_9)
FN:35,(anonymous_10)
FN:36,(anonymous_11)
FN:43,(anonymous_12)
FN:52,(anonymous_13)
FN:53,(anonymous_14)
FN:57,(anonymous_15)
FN:66,(anonymous_16)
FN:76,(anonymous_17)
FNF:10
FNH:0
FNDA:0,(anonymous_8)
FNDA:0,(anonymous_9)
FNDA:0,(anonymous_10)
FNDA:0,(anonymous_11)
FNDA:0,(anonymous_12)
FNDA:0,(anonymous_13)
FNDA:0,(anonymous_14)
FNDA:0,(anonymous_15)
FNDA:0,(anonymous_16)
FNDA:0,(anonymous_17)
DA:2,0
DA:3,0
DA:4,0
DA:5,0
DA:6,0
DA:8,0
DA:10,0
DA:11,0
DA:12,0
DA:13,0
DA:15,0
DA:16,0
DA:18,0
DA:19,0
DA:20,0
DA:21,0
DA:23,0
DA:24,0
DA:25,0
DA:26,0
DA:27,0
DA:28,0
DA:30,0
DA:31,0
DA:35,0
DA:36,0
DA:37,0
DA:38,0
DA:40,0
DA:41,0
DA:43,0
DA:44,0
DA:45,0
DA:47,0
DA:52,0
DA:53,0
DA:54,0
DA:55,0
DA:57,0
DA:58,0
DA:59,0
DA:61,0
DA:66,0
DA:67,0
DA:68,0
DA:70,0
DA:71,0
DA:74,0
DA:76,0
DA:77,0
DA:78,0
DA:80,0
LF:52
LH:0
BRDA:15,0,0,0
BRDA:15,1,0,0
BRDA:15,1,1,0
BRDA:15,1,2,0
BRDA:20,2,0,0
BRDA:37,3,0,0
BRDA:40,4,0,0
BRDA:41,5,0,0
BRDA:41,5,1,0
BRDA:41,6,0,0
BRDA:41,6,1,0
BRDA:41,7,0,0
BRDA:41,7,1,0
BRDA:44,8,0,0
BRDA:54,9,0,0
BRDA:58,10,0,0
BRDA:67,11,0,0
BRDA:77,12,0,0
BRF:18
BRH:0
end_of_record
TN:
SF:src\routes\aiProfiles.ts
FN:13,(anonymous_7)
FN:13,(anonymous_8)
FN:41,(anonymous_9)
FN:41,(anonymous_10)
FN:68,(anonymous_11)
FN:68,(anonymous_12)
FN:82,(anonymous_13)
FN:82,(anonymous_14)
FN:96,(anonymous_15)
FN:96,(anonymous_16)
FNF:10
FNH:0
FNDA:0,(anonymous_7)
FNDA:0,(anonymous_8)
FNDA:0,(anonymous_9)
FNDA:0,(anonymous_10)
FNDA:0,(anonymous_11)
FNDA:0,(anonymous_12)
FNDA:0,(anonymous_13)
FNDA:0,(anonymous_14)
FNDA:0,(anonymous_15)
FNDA:0,(anonymous_16)
DA:2,0
DA:3,0
DA:4,0
DA:5,0
DA:6,0
DA:7,0
DA:9,0
DA:11,0
DA:13,0
DA:14,0
DA:15,0
DA:16,0
DA:17,0
DA:18,0
DA:20,0
DA:26,0
DA:36,0
DA:37,0
DA:41,0
DA:42,0
DA:43,0
DA:44,0
DA:45,0
DA:47,0
DA:53,0
DA:63,0
DA:64,0
DA:68,0
DA:69,0
DA:70,0
DA:71,0
DA:72,0
DA:73,0
DA:74,0
DA:75,0
DA:77,0
DA:78,0
DA:82,0
DA:83,0
DA:84,0
DA:85,0
DA:86,0
DA:87,0
DA:88,0
DA:89,0
DA:91,0
DA:92,0
DA:96,0
DA:97,0
DA:98,0
DA:99,0
DA:101,0
DA:105,0
DA:106,0
DA:108,0
DA:109,0
DA:113,0
LF:57
LH:0
BRDA:16,0,0,0
BRDA:16,0,1,0
BRDA:17,1,0,0
BRDA:17,1,1,0
BRDA:43,2,0,0
BRDA:43,2,1,0
BRDA:44,3,0,0
BRDA:44,3,1,0
BRDA:72,4,0,0
BRDA:86,5,0,0
BRDA:99,6,0,0
BRF:11
BRH:0
end_of_record
TN:
SF:src\routes\auth.ts
FN:12,(anonymous_8)
FN:12,(anonymous_9)
FN:33,(anonymous_10)
FN:34,(anonymous_11)
FN:37,(anonymous_12)
FN:45,(anonymous_13)
FN:46,(anonymous_14)
FN:49,(anonymous_15)
FN:56,(anonymous_16)
FN:57,(anonymous_17)
FN:59,(anonymous_18)
FN:66,(anonymous_19)
FNF:12
FNH:0
FNDA:0,(anonymous_8)
FNDA:0,(anonymous_9)
FNDA:0,(anonymous_10)
FNDA:0,(anonymous_11)
FNDA:0,(anonymous_12)
FNDA:0,(anonymous_13)
FNDA:0,(anonymous_14)
FNDA:0,(anonymous_15)
FNDA:0,(anonymous_16)
FNDA:0,(anonymous_17)
FNDA:0,(anonymous_18)
FNDA:0,(anonymous_19)
DA:3,0
DA:4,0
DA:5,0
DA:6,0
DA:7,0
DA:10,0
DA:12,0
DA:13,0
DA:14,0
DA:15,0
DA:16,0
DA:18,0
DA:19,0
DA:20,0
DA:21,0
DA:23,0
DA:24,0
DA:25,0
DA:26,0
DA:28,0
DA:29,0
DA:33,0
DA:34,0
DA:35,0
DA:36,0
DA:37,0
DA:38,0
DA:39,0
DA:45,0
DA:46,0
DA:47,0
DA:48,0
DA:49,0
DA:50,0
DA:51,0
DA:56,0
DA:57,0
DA:58,0
DA:59,0
DA:60,0
DA:61,0
DA:66,0
DA:67,0
DA:68,0
DA:70,0
DA:72,0
DA:73,0
DA:76,0
LF:48
LH:0
BRDA:15,0,0,0
BRDA:15,1,0,0
BRDA:15,1,1,0
BRDA:15,1,2,0
BRDA:20,2,0,0
BRDA:35,3,0,0
BRDA:36,4,0,0
BRDA:36,5,0,0
BRDA:36,5,1,0
BRDA:36,6,0,0
BRDA:36,6,1,0
BRDA:36,7,0,0
BRDA:36,7,1,0
BRDA:38,8,0,0
BRDA:47,9,0,0
BRDA:48,10,0,0
BRDA:48,11,0,0
BRDA:48,11,1,0
BRDA:48,12,0,0
BRDA:48,12,1,0
BRDA:48,13,0,0
BRDA:48,13,1,0
BRDA:50,14,0,0
BRDA:58,15,0,0
BRDA:60,16,0,0
BRDA:67,17,0,0
BRDA:72,18,0,0
BRDA:72,18,1,0
BRF:28
BRH:0
end_of_record
TN:
SF:src\routes\matches.ts
FN:18,(anonymous_7)
FN:18,(anonymous_8)
FN:48,(anonymous_9)
FN:81,(anonymous_10)
FN:81,(anonymous_11)
FN:94,(anonymous_12)
FN:113,(anonymous_13)
FN:113,(anonymous_14)
FN:123,(anonymous_15)
FN:125,(anonymous_16)
FN:126,(anonymous_17)
FN:127,(anonymous_18)
FN:136,(anonymous_19)
FN:136,(anonymous_20)
FN:146,(anonymous_21)
FN:146,(anonymous_22)
FN:178,(anonymous_23)
FN:178,(anonymous_24)
FN:314,(anonymous_25)
FN:314,(anonymous_26)
FNF:20
FNH:0
FNDA:0,(anonymous_7)
FNDA:0,(anonymous_8)
FNDA:0,(anonymous_9)
FNDA:0,(anonymous_10)
FNDA:0,(anonymous_11)
FNDA:0,(anonymous_12)
FNDA:0,(anonymous_13)
FNDA:0,(anonymous_14)
FNDA:0,(anonymous_15)
FNDA:0,(anonymous_16)
FNDA:0,(anonymous_17)
FNDA:0,(anonymous_18)
FNDA:0,(anonymous_19)
FNDA:0,(anonymous_20)
FNDA:0,(anonymous_21)
FNDA:0,(anonymous_22)
FNDA:0,(anonymous_23)
FNDA:0,(anonymous_24)
FNDA:0,(anonymous_25)
FNDA:0,(anonymous_26)
DA:2,0
DA:3,0
DA:4,0
DA:5,0
DA:6,0
DA:7,0
DA:9,0
DA:10,0
DA:11,0
DA:13,0
DA:15,0
DA:18,0
DA:19,0
DA:20,0
DA:21,0
DA:24,0
DA:27,0
DA:29,0
DA:38,0
DA:48,0
DA:49,0
DA:51,0
DA:60,0
DA:61,0
DA:73,0
DA:75,0
DA:76,0
DA:81,0
DA:82,0
DA:83,0
DA:84,0
DA:86,0
DA:94,0
DA:95,0
DA:96,0
DA:105,0
DA:107,0
DA:108,0
DA:113,0
DA:114,0
DA:115,0
DA:116,0
DA:118,0
DA:119,0
DA:121,0
DA:123,0
DA:125,0
DA:126,0
DA:127,0
DA:128,0
DA:136,0
DA:138,0
DA:140,0
DA:141,0
DA:146,0
DA:147,0
DA:148,0
DA:149,0
DA:151,0
DA:155,0
DA:158,0
DA:159,0
DA:160,0
DA:161,0
DA:164,0
DA:170,0
DA:172,0
DA:173,0
DA:178,0
DA:179,0
DA:180,0
DA:181,0
DA:182,0
DA:184,0
DA:185,0
DA:187,0
DA:188,0
DA:191,0
DA:192,0
DA:196,0
DA:204,0
DA:206,0
DA:207,0
DA:208,0
DA:209,0
DA:212,0
DA:216,0
DA:220,0
DA:221,0
DA:222,0
DA:223,0
DA:224,0
DA:227,0
DA:228,0
DA:229,0
DA:232,0
DA:235,0
DA:242,0
DA:249,0
DA:266,0
DA:267,0
DA:268,0
DA:271,0
DA:272,0
DA:273,0
DA:274,0
DA:275,0
DA:276,0
DA:277,0
DA:280,0
DA:281,0
DA:282,0
DA:283,0
DA:284,0
DA:285,0
DA:286,0
DA:289,0
DA:290,0
DA:291,0
DA:292,0
DA:293,0
DA:294,0
DA:295,0
DA:296,0
DA:297,0
DA:299,0
DA:301,0
DA:306,0
DA:308,0
DA:309,0
DA:314,0
DA:315,0
DA:316,0
DA:317,0
DA:319,0
DA:323,0
DA:325,0
DA:326,0
DA:327,0
DA:328,0
DA:332,0
DA:333,0
DA:335,0
DA:336,0
DA:340,0
LF:145
LH:0
BRDA:27,0,0,0
BRDA:27,0,1,0
BRDA:49,1,0,0
BRDA:49,1,1,0
BRDA:53,2,0,0
BRDA:53,2,1,0
BRDA:53,3,0,0
BRDA:53,3,1,0
BRDA:53,4,0,0
BRDA:53,4,1,0
BRDA:53,5,0,0
BRDA:53,5,1,0
BRDA:53,6,0,0
BRDA:53,6,1,0
BRDA:53,7,0,0
BRDA:53,7,1,0
BRDA:60,8,0,0
BRDA:60,8,1,0
BRDA:60,9,0,0
BRDA:60,9,1,0
BRDA:60,10,0,0
BRDA:60,10,1,0
BRDA:63,11,0,0
BRDA:63,11,1,0
BRDA:63,12,0,0
BRDA:63,12,1,0
BRDA:63,13,0,0
BRDA:63,13,1,0
BRDA:63,14,0,0
BRDA:63,14,1,0
BRDA:63,15,0,0
BRDA:63,15,1,0
BRDA:63,16,0,0
BRDA:63,16,1,0
BRDA:84,17,0,0
BRDA:95,18,0,0
BRDA:95,18,1,0
BRDA:95,19,0,0
BRDA:95,19,1,0
BRDA:101,20,0,0
BRDA:101,20,1,0
BRDA:101,21,0,0
BRDA:101,21,1,0
BRDA:101,22,0,0
BRDA:101,22,1,0
BRDA:101,23,0,0
BRDA:101,23,1,0
BRDA:101,24,0,0
BRDA:101,24,1,0
BRDA:101,25,0,0
BRDA:101,25,1,0
BRDA:116,26,0,0
BRDA:119,27,0,0
BRDA:123,28,0,0
BRDA:123,28,1,0
BRDA:126,29,0,0
BRDA:126,29,1,0
BRDA:149,30,0,0
BRDA:155,31,0,0
BRDA:158,32,0,0
BRDA:158,33,0,0
BRDA:158,33,1,0
BRDA:182,34,0,0
BRDA:182,35,0,0
BRDA:182,35,1,0
BRDA:185,36,0,0
BRDA:188,37,0,0
BRDA:191,38,0,0
BRDA:204,39,0,0
BRDA:206,40,0,0
BRDA:206,41,0,0
BRDA:206,41,1,0
BRDA:250,42,0,0
BRDA:250,42,1,0
BRDA:292,43,0,0
BRDA:292,43,1,0
BRDA:317,44,0,0
BRDA:323,45,0,0
BRDA:325,46,0,0
BRF:79
BRH:0
end_of_record
TN:
SF:src\routes\messages.ts
FN:14,(anonymous_7)
FN:14,(anonymous_8)
FN:34,(anonymous_9)
FN:34,(anonymous_10)
FNF:4
FNH:0
FNDA:0,(anonymous_7)
FNDA:0,(anonymous_8)
FNDA:0,(anonymous_9)
FNDA:0,(anonymous_10)
DA:2,0
DA:3,0
DA:4,0
DA:7,0
DA:9,0
DA:11,0
DA:14,0
DA:15,0
DA:16,0
DA:17,0
DA:19,0
DA:26,0
DA:28,0
DA:29,0
DA:34,0
DA:35,0
DA:36,0
DA:37,0
DA:39,0
DA:40,0
DA:44,0
DA:46,0
DA:47,0
DA:51,0
LF:24
LH:0
BRDA:17,0,0,0
BRDA:37,1,0,0
BRDA:40,2,0,0
BRF:3
BRH:0
end_of_record
TN:
SF:src\routes\threads.ts
FN:14,(anonymous_7)
FN:14,(anonymous_8)
FNF:2
FNH:0
FNDA:0,(anonymous_7)
FNDA:0,(anonymous_8)
DA:2,0
DA:3,0
DA:4,0
DA:5,0
DA:6,0
DA:8,0
DA:11,0
DA:14,0
DA:15,0
DA:16,0
DA:17,0
DA:19,0
DA:20,0
DA:22,0
DA:23,0
DA:24,0
DA:26,0
DA:28,0
DA:29,0
DA:33,0
LF:20
LH:0
BRDA:17,0,0,0
BRDA:20,1,0,0
BRF:2
BRH:0
end_of_record
